#
# There is insufficient memory for the Java Runtime Environment to continue.
# Native memory allocation (malloc) failed to allocate 477776 bytes for Chunk::new
# Possible reasons:
#   The system is out of physical RAM or swap space
#   The process is running with CompressedOops enabled, and the Java Heap may be blocking the growth of the native heap
# Possible solutions:
#   Reduce memory load on the system
#   Increase physical memory or swap space
#   Check if swap backing store is full
#   Decrease Java heap size (-Xmx/-Xms)
#   Decrease number of Java threads
#   Decrease Java thread stack sizes (-Xss)
#   Set larger code cache with -XX:ReservedCodeCacheSize=
#   JVM is running with Unscaled Compressed Oops mode in which the Java heap is
#     placed in the first 4GB address space. The Java Heap base address is the
#     maximum limit for the native heap growth. Please use -XX:HeapBaseMinAddress
#     to set the Java Heap base and to place the Java Heap above 4GB virtual address.
# This output file may be truncated or incomplete.
#
#  Out of Memory Error (./src/hotspot/share/memory/arena.cpp:197), pid=8436, tid=6880
#
# JRE version: OpenJDK Runtime Environment (11.0.10) (build 11.0.10+0-b96-7249189)
# Java VM: OpenJDK 64-Bit Server VM (11.0.10+0-b96-7249189, mixed mode, tiered, compressed oops, g1 gc, windows-amd64)
# No core dump will be written. Minidumps are not enabled by default on client versions of Windows
#

---------------  S U M M A R Y ------------

Command Line: --add-opens=java.base/java.util=ALL-UNNAMED --add-opens=java.base/java.lang=ALL-UNNAMED --add-opens=java.base/java.lang.invoke=ALL-UNNAMED --add-opens=java.prefs/java.util.prefs=ALL-UNNAMED -Xmx1536M -Dfile.encoding=windows-1252 -Duser.country=US -Duser.language=en -Duser.variant org.gradle.launcher.daemon.bootstrap.GradleDaemon 6.7

Host: Intel(R) Core(TM) i3-3217U CPU @ 1.80GHz, 4 cores, 2G,  Windows 10 , 64 bit Build 19041 (10.0.19041.1706)
Time: Fri Jun 10 12:33:58 2022 Malay Peninsula Standard Time elapsed time: 271.653098 seconds (0d 0h 4m 31s)

---------------  T H R E A D  ---------------

Current thread (0x00000278c2f5e000):  JavaThread "C2 CompilerThread0" daemon [_thread_in_native, id=6880, stack(0x000000cdcc800000,0x000000cdcc900000)]


Current CompileTask:
C2: 271655 12458 %     4       org.objectweb.asm.ClassWriter::toByteArray @ 813 (1513 bytes)

Stack: [0x000000cdcc800000,0x000000cdcc900000]
Native frames: (J=compiled Java code, j=interpreted, Vv=VM code, C=native code)
V  [jvm.dll+0x5ecfaa]
V  [jvm.dll+0x722bd5]
V  [jvm.dll+0x72412d]
V  [jvm.dll+0x7247e3]
V  [jvm.dll+0x242928]
V  [jvm.dll+0xbc4fc]
V  [jvm.dll+0xbca0c]
V  [jvm.dll+0x352d7d]
V  [jvm.dll+0x320ad3]
V  [jvm.dll+0x31ffca]
V  [jvm.dll+0x1fb602]
V  [jvm.dll+0x1fa7f4]
V  [jvm.dll+0x18354c]
V  [jvm.dll+0x208ee7]
V  [jvm.dll+0x207731]
V  [jvm.dll+0x6eb1cf]
V  [jvm.dll+0x6e3d45]
V  [jvm.dll+0x5ebe96]
C  [ucrtbase.dll+0x21bb2]
C  [KERNEL32.DLL+0x17034]
C  [ntdll.dll+0x52651]


---------------  P R O C E S S  ---------------

Threads class SMR info:
_java_thread_list=0x00000278d3aff760, length=98, elements={
0x00000278a9e6e800, 0x00000278c2ef6000, 0x00000278c2eff000, 0x00000278c2f57800,
0x00000278c2f5a000, 0x00000278c2f5b000, 0x00000278c2f5e000, 0x00000278c2f61800,
0x00000278c30b8800, 0x00000278c31ec800, 0x00000278c4b14000, 0x00000278c4b8a000,
0x00000278c496e000, 0x00000278c47d6800, 0x00000278c3ae7800, 0x00000278c3be3800,
0x00000278c4145000, 0x00000278c4145800, 0x00000278c3c33800, 0x00000278c4da2800,
0x00000278c4da1800, 0x00000278c4da0000, 0x00000278c4da3000, 0x00000278c4da4000,
0x00000278c4da0800, 0x00000278c4d9e800, 0x00000278c4da5000, 0x00000278c4d9f000,
0x00000278c5c86000, 0x00000278c5c82800, 0x00000278c5c89000, 0x00000278c5c83800,
0x00000278c5c8a000, 0x00000278c5c84000, 0x00000278c51b5000, 0x00000278c51af800,
0x00000278c51ac000, 0x00000278c51ad000, 0x00000278c51a9000, 0x00000278c51a9800,
0x00000278c51ab800, 0x00000278c51a7000, 0x00000278c51a8000, 0x00000278c51ae800,
0x00000278c51b0000, 0x00000278c51aa800, 0x00000278c51b4800, 0x00000278c51b1000,
0x00000278c51b2000, 0x00000278c51b3800, 0x00000278c5c8a800, 0x00000278c5c85000,
0x00000278c5c8e000, 0x00000278c5c91800, 0x00000278c5c8b800, 0x00000278c5c8f000,
0x00000278c5c8c800, 0x00000278c5c8f800, 0x00000278c5c90800, 0x00000278c5c8d000,
0x00000278d311e000, 0x00000278d311d800, 0x00000278d3124800, 0x00000278d3121800,
0x00000278d3123000, 0x00000278d311f000, 0x00000278d311f800, 0x00000278d3122000,
0x00000278d3124000, 0x00000278d3125800, 0x00000278d3126800, 0x00000278d3120800,
0x00000278d3128000, 0x00000278d312c000, 0x00000278d3127000, 0x00000278d3128800,
0x00000278d3129800, 0x00000278d312a800, 0x00000278d312b000, 0x00000278c6f84000,
0x00000278c6f85800, 0x00000278c6f82800, 0x00000278c6f81800, 0x00000278c6f80000,
0x00000278c6f86800, 0x00000278c6f83000, 0x00000278c6f81000, 0x00000278c6f89000,
0x00000278c6f89800, 0x00000278c6f87800, 0x00000278c6f85000, 0x00000278c6f8a800,
0x00000278c6f8c000, 0x00000278c6f88000, 0x00000278c6f8d000, 0x00000278c6f8b800,
0x00000278c6f8e000, 0x00000278c6f8e800
}

Java Threads: ( => current thread )
  0x00000278a9e6e800 JavaThread "main" [_thread_blocked, id=6016, stack(0x000000cdcbc00000,0x000000cdcbd00000)]
  0x00000278c2ef6000 JavaThread "Reference Handler" daemon [_thread_blocked, id=11208, stack(0x000000cdcc300000,0x000000cdcc400000)]
  0x00000278c2eff000 JavaThread "Finalizer" daemon [_thread_blocked, id=7916, stack(0x000000cdcc400000,0x000000cdcc500000)]
  0x00000278c2f57800 JavaThread "Signal Dispatcher" daemon [_thread_blocked, id=6660, stack(0x000000cdcc500000,0x000000cdcc600000)]
  0x00000278c2f5a000 JavaThread "Attach Listener" daemon [_thread_blocked, id=5440, stack(0x000000cdcc600000,0x000000cdcc700000)]
  0x00000278c2f5b000 JavaThread "Service Thread" daemon [_thread_blocked, id=4524, stack(0x000000cdcc700000,0x000000cdcc800000)]
=>0x00000278c2f5e000 JavaThread "C2 CompilerThread0" daemon [_thread_in_native, id=6880, stack(0x000000cdcc800000,0x000000cdcc900000)]
  0x00000278c2f61800 JavaThread "C1 CompilerThread0" daemon [_thread_blocked, id=8756, stack(0x000000cdcc900000,0x000000cdcca00000)]
  0x00000278c30b8800 JavaThread "Sweeper thread" daemon [_thread_blocked, id=10860, stack(0x000000cdcca00000,0x000000cdccb00000)]
  0x00000278c31ec800 JavaThread "Common-Cleaner" daemon [_thread_blocked, id=2108, stack(0x000000cdccb00000,0x000000cdccc00000)]
  0x00000278c4b14000 JavaThread "Daemon health stats" [_thread_blocked, id=7304, stack(0x000000cdcce00000,0x000000cdccf00000)]
  0x00000278c4b8a000 JavaThread "Incoming local TCP Connector on port 64187" [_thread_in_native, id=1408, stack(0x000000cdcd300000,0x000000cdcd400000)]
  0x00000278c496e000 JavaThread "Daemon periodic checks" [_thread_blocked, id=4580, stack(0x000000cdcd400000,0x000000cdcd500000)]
  0x00000278c47d6800 JavaThread "Daemon" [_thread_blocked, id=5180, stack(0x000000cdcd500000,0x000000cdcd600000)]
  0x00000278c3ae7800 JavaThread "Handler for socket connection from /127.0.0.1:64187 to /127.0.0.1:64188" [_thread_in_native, id=6732, stack(0x000000cdcd600000,0x000000cdcd700000)]
  0x00000278c3be3800 JavaThread "Cancel handler" [_thread_blocked, id=8900, stack(0x000000cdcd700000,0x000000cdcd800000)]
  0x00000278c4145000 JavaThread "Daemon worker" [_thread_blocked, id=8792, stack(0x000000cdcd800000,0x000000cdcd900000)]
  0x00000278c4145800 JavaThread "Asynchronous log dispatcher for DefaultDaemonConnection: socket connection from /127.0.0.1:64187 to /127.0.0.1:64188" [_thread_blocked, id=6904, stack(0x000000cdcd900000,0x000000cdcda00000)]
  0x00000278c3c33800 JavaThread "Stdin handler" [_thread_blocked, id=10520, stack(0x000000cdcda00000,0x000000cdcdb00000)]
  0x00000278c4da2800 JavaThread "Thread-8" [_thread_blocked, id=11132, stack(0x000000cdcdb00000,0x000000cdcdc00000)]
  0x00000278c4da1800 JavaThread "Cache worker for file hash cache (C:\Users\Ratna\.gradle\caches\6.7\fileHashes)" [_thread_blocked, id=10436, stack(0x000000cdcdc00000,0x000000cdcdd00000)]
  0x00000278c4da0000 JavaThread "File lock request listener" [_thread_in_native, id=7892, stack(0x000000cdcdd00000,0x000000cdcde00000)]
  0x00000278c4da3000 JavaThread "Cache worker for journal cache (C:\Users\Ratna\.gradle\caches\journal-1)" [_thread_blocked, id=9664, stack(0x000000cdcde00000,0x000000cdcdf00000)]
  0x00000278c4da4000 JavaThread "Cache worker for file hash cache (C:\Users\Ratna\Documents\GitHub\sewain\sewain\android\.gradle\6.7\fileHashes)" [_thread_blocked, id=9952, stack(0x000000cdcdf00000,0x000000cdce000000)]
  0x00000278c4da0800 JavaThread "Cache worker for checksums cache (C:\Users\Ratna\Documents\GitHub\sewain\sewain\android\.gradle\checksums)" [_thread_blocked, id=7796, stack(0x000000cdce000000,0x000000cdce100000)]
  0x00000278c4d9e800 JavaThread "Cache worker for cache directory md-supplier (C:\Users\Ratna\.gradle\caches\6.7\md-supplier)" [_thread_blocked, id=9000, stack(0x000000cdce100000,0x000000cdce200000)]
  0x00000278c4da5000 JavaThread "Cache worker for cache directory md-rule (C:\Users\Ratna\.gradle\caches\6.7\md-rule)" [_thread_blocked, id=3564, stack(0x000000cdcb900000,0x000000cdcba00000)]
  0x00000278c4d9f000 JavaThread "Cache worker for execution history cache (C:\Users\Ratna\.gradle\caches\6.7\executionHistory)" [_thread_blocked, id=10804, stack(0x000000cdce200000,0x000000cdce300000)]
  0x00000278c5c86000 JavaThread "Cache worker for file content cache (C:\Users\Ratna\.gradle\caches\6.7\fileContent)" [_thread_blocked, id=9004, stack(0x000000cdce400000,0x000000cdce500000)]
  0x00000278c5c82800 JavaThread "Cache worker for Build Output Cleanup Cache (C:\Users\Ratna\Documents\GitHub\sewain\sewain\android\.gradle\buildOutputCleanup)" [_thread_blocked, id=3212, stack(0x000000cdce500000,0x000000cdce600000)]
  0x00000278c5c89000 JavaThread "Build operations" [_thread_blocked, id=9236, stack(0x000000cdce600000,0x000000cdce700000)]
  0x00000278c5c83800 JavaThread "Build operations Thread 2" [_thread_blocked, id=10904, stack(0x000000cdce700000,0x000000cdce800000)]
  0x00000278c5c8a000 JavaThread "Build operations Thread 3" [_thread_blocked, id=5420, stack(0x000000cdce800000,0x000000cdce900000)]
  0x00000278c5c84000 JavaThread "Build operations Thread 4" [_thread_blocked, id=5444, stack(0x000000cdce900000,0x000000cdcea00000)]
  0x00000278c51b5000 JavaThread "Memory manager" [_thread_blocked, id=3972, stack(0x000000cdcba00000,0x000000cdcbb00000)]
  0x00000278c51af800 JavaThread "build event listener" [_thread_blocked, id=2884, stack(0x000000cdcbb00000,0x000000cdcbc00000)]
  0x00000278c51ac000 JavaThread "jar transforms Thread 117" [_thread_blocked, id=628, stack(0x000000cdcec00000,0x000000cdced00000)]
  0x00000278c51ad000 JavaThread "jar transforms Thread 118" [_thread_blocked, id=9472, stack(0x000000cdced00000,0x000000cdcee00000)]
  0x00000278c51a9000 JavaThread "jar transforms Thread 119" [_thread_blocked, id=8952, stack(0x000000cdcee00000,0x000000cdcef00000)]
  0x00000278c51a9800 JavaThread "jar transforms Thread 120" [_thread_blocked, id=2968, stack(0x000000cdcef00000,0x000000cdcf000000)]
  0x00000278c51ab800 JavaThread "jar transforms Thread 121" [_thread_blocked, id=9348, stack(0x000000cdcf000000,0x000000cdcf100000)]
  0x00000278c51a7000 JavaThread "jar transforms Thread 122" [_thread_blocked, id=3336, stack(0x000000cdcf100000,0x000000cdcf200000)]
  0x00000278c51a8000 JavaThread "jar transforms Thread 123" [_thread_blocked, id=1748, stack(0x000000cdcf200000,0x000000cdcf300000)]
  0x00000278c51ae800 JavaThread "jar transforms Thread 124" [_thread_blocked, id=2096, stack(0x000000cdcf300000,0x000000cdcf400000)]
  0x00000278c51b0000 JavaThread "jar transforms Thread 125" [_thread_blocked, id=8528, stack(0x000000cdcf400000,0x000000cdcf500000)]
  0x00000278c51aa800 JavaThread "jar transforms Thread 126" [_thread_blocked, id=10136, stack(0x000000cdcf500000,0x000000cdcf600000)]
  0x00000278c51b4800 JavaThread "jar transforms Thread 127" [_thread_blocked, id=3744, stack(0x000000cdcf600000,0x000000cdcf700000)]
  0x00000278c51b1000 JavaThread "jar transforms Thread 128" [_thread_blocked, id=1456, stack(0x000000cdcf700000,0x000000cdcf800000)]
  0x00000278c51b2000 JavaThread "jar transforms Thread 129" [_thread_blocked, id=7588, stack(0x000000cdcf800000,0x000000cdcf900000)]
  0x00000278c51b3800 JavaThread "jar transforms Thread 130" [_thread_blocked, id=3640, stack(0x000000cdcf900000,0x000000cdcfa00000)]
  0x00000278c5c8a800 JavaThread "jar transforms Thread 131" [_thread_blocked, id=5380, stack(0x000000cdcfa00000,0x000000cdcfb00000)]
  0x00000278c5c85000 JavaThread "jar transforms Thread 132" [_thread_blocked, id=8088, stack(0x000000cdcfb00000,0x000000cdcfc00000)]
  0x00000278c5c8e000 JavaThread "jar transforms Thread 133" [_thread_blocked, id=9192, stack(0x000000cdcfc00000,0x000000cdcfd00000)]
  0x00000278c5c91800 JavaThread "jar transforms Thread 134" [_thread_blocked, id=10812, stack(0x000000cdcfd00000,0x000000cdcfe00000)]
  0x00000278c5c8b800 JavaThread "jar transforms Thread 135" [_thread_blocked, id=2644, stack(0x000000cdcfe00000,0x000000cdcff00000)]
  0x00000278c5c8f000 JavaThread "jar transforms Thread 136" [_thread_blocked, id=5240, stack(0x000000cdcff00000,0x000000cdd0000000)]
  0x00000278c5c8c800 JavaThread "jar transforms Thread 137" [_thread_blocked, id=5560, stack(0x000000cdd0000000,0x000000cdd0100000)]
  0x00000278c5c8f800 JavaThread "jar transforms Thread 138" [_thread_blocked, id=2224, stack(0x000000cdd0100000,0x000000cdd0200000)]
  0x00000278c5c90800 JavaThread "jar transforms Thread 139" [_thread_blocked, id=7860, stack(0x000000cdd0200000,0x000000cdd0300000)]
  0x00000278c5c8d000 JavaThread "jar transforms Thread 140" [_thread_blocked, id=7996, stack(0x000000cdd0300000,0x000000cdd0400000)]
  0x00000278d311e000 JavaThread "jar transforms Thread 141" [_thread_blocked, id=6892, stack(0x000000cdd0400000,0x000000cdd0500000)]
  0x00000278d311d800 JavaThread "jar transforms Thread 142" [_thread_blocked, id=224, stack(0x000000cdd0500000,0x000000cdd0600000)]
  0x00000278d3124800 JavaThread "jar transforms Thread 143" [_thread_blocked, id=7180, stack(0x000000cdd0600000,0x000000cdd0700000)]
  0x00000278d3121800 JavaThread "jar transforms Thread 144" [_thread_blocked, id=6436, stack(0x000000cdd0700000,0x000000cdd0800000)]
  0x00000278d3123000 JavaThread "jar transforms Thread 145" [_thread_blocked, id=780, stack(0x000000cdd0800000,0x000000cdd0900000)]
  0x00000278d311f000 JavaThread "jar transforms Thread 146" [_thread_blocked, id=3216, stack(0x000000cdd0900000,0x000000cdd0a00000)]
  0x00000278d311f800 JavaThread "jar transforms Thread 147" [_thread_blocked, id=7356, stack(0x000000cdd0a00000,0x000000cdd0b00000)]
  0x00000278d3122000 JavaThread "jar transforms Thread 148" [_thread_blocked, id=1508, stack(0x000000cdd0b00000,0x000000cdd0c00000)]
  0x00000278d3124000 JavaThread "jar transforms Thread 149" [_thread_blocked, id=9612, stack(0x000000cdd0c00000,0x000000cdd0d00000)]
  0x00000278d3125800 JavaThread "jar transforms Thread 150" [_thread_blocked, id=924, stack(0x000000cdd0d00000,0x000000cdd0e00000)]
  0x00000278d3126800 JavaThread "jar transforms Thread 151" [_thread_blocked, id=8672, stack(0x000000cdd0e00000,0x000000cdd0f00000)]
  0x00000278d3120800 JavaThread "jar transforms Thread 152" [_thread_blocked, id=5736, stack(0x000000cdd0f00000,0x000000cdd1000000)]
  0x00000278d3128000 JavaThread "jar transforms Thread 153" [_thread_blocked, id=9740, stack(0x000000cdd1000000,0x000000cdd1100000)]
  0x00000278d312c000 JavaThread "jar transforms Thread 154" [_thread_blocked, id=5036, stack(0x000000cdd1100000,0x000000cdd1200000)]
  0x00000278d3127000 JavaThread "jar transforms Thread 155" [_thread_blocked, id=9984, stack(0x000000cdd1200000,0x000000cdd1300000)]
  0x00000278d3128800 JavaThread "jar transforms Thread 156" [_thread_blocked, id=8576, stack(0x000000cdd1300000,0x000000cdd1400000)]
  0x00000278d3129800 JavaThread "jar transforms Thread 157" [_thread_blocked, id=5644, stack(0x000000cdd1400000,0x000000cdd1500000)]
  0x00000278d312a800 JavaThread "jar transforms Thread 158" [_thread_blocked, id=8908, stack(0x000000cdd1500000,0x000000cdd1600000)]
  0x00000278d312b000 JavaThread "jar transforms Thread 159" [_thread_blocked, id=1332, stack(0x000000cdd1600000,0x000000cdd1700000)]
  0x00000278c6f84000 JavaThread "jar transforms Thread 160" [_thread_blocked, id=2244, stack(0x000000cdd1700000,0x000000cdd1800000)]
  0x00000278c6f85800 JavaThread "jar transforms Thread 161" [_thread_blocked, id=7684, stack(0x000000cdd1800000,0x000000cdd1900000)]
  0x00000278c6f82800 JavaThread "jar transforms Thread 162" [_thread_blocked, id=6228, stack(0x000000cdd1900000,0x000000cdd1a00000)]
  0x00000278c6f81800 JavaThread "jar transforms Thread 163" [_thread_blocked, id=9224, stack(0x000000cdd1a00000,0x000000cdd1b00000)]
  0x00000278c6f80000 JavaThread "jar transforms Thread 164" [_thread_blocked, id=4272, stack(0x000000cdd1b00000,0x000000cdd1c00000)]
  0x00000278c6f86800 JavaThread "jar transforms Thread 165" [_thread_blocked, id=4588, stack(0x000000cdd1c00000,0x000000cdd1d00000)]
  0x00000278c6f83000 JavaThread "jar transforms Thread 166" [_thread_blocked, id=4024, stack(0x000000cdd1d00000,0x000000cdd1e00000)]
  0x00000278c6f81000 JavaThread "jar transforms Thread 167" [_thread_blocked, id=1964, stack(0x000000cdd1e00000,0x000000cdd1f00000)]
  0x00000278c6f89000 JavaThread "jar transforms Thread 168" [_thread_blocked, id=9068, stack(0x000000cdd1f00000,0x000000cdd2000000)]
  0x00000278c6f89800 JavaThread "jar transforms Thread 169" [_thread_blocked, id=8012, stack(0x000000cdd2000000,0x000000cdd2100000)]
  0x00000278c6f87800 JavaThread "jar transforms Thread 170" [_thread_blocked, id=6172, stack(0x000000cdd2100000,0x000000cdd2200000)]
  0x00000278c6f85000 JavaThread "jar transforms Thread 171" [_thread_blocked, id=6644, stack(0x000000cdd2200000,0x000000cdd2300000)]
  0x00000278c6f8a800 JavaThread "jar transforms Thread 172" [_thread_blocked, id=7636, stack(0x000000cdd2300000,0x000000cdd2400000)]
  0x00000278c6f8c000 JavaThread "jar transforms Thread 173" [_thread_blocked, id=9736, stack(0x000000cdd2400000,0x000000cdd2500000)]
  0x00000278c6f88000 JavaThread "jar transforms Thread 174" [_thread_blocked, id=4988, stack(0x000000cdd2500000,0x000000cdd2600000)]
  0x00000278c6f8d000 JavaThread "jar transforms Thread 175" [_thread_blocked, id=4744, stack(0x000000cdd2600000,0x000000cdd2700000)]
  0x00000278c6f8b800 JavaThread "jar transforms Thread 176" [_thread_blocked, id=8764, stack(0x000000cdd2700000,0x000000cdd2800000)]
  0x00000278c6f8e000 JavaThread "jar transforms Thread 177" [_thread_blocked, id=11164, stack(0x000000cdd2800000,0x000000cdd2900000)]
  0x00000278c6f8e800 JavaThread "jar transforms Thread 178" [_thread_blocked, id=5092, stack(0x000000cdd2900000,0x000000cdd2a00000)]

Other Threads:
  0x00000278c2ed3000 VMThread "VM Thread" [stack: 0x000000cdcc200000,0x000000cdcc300000] [id=5788]
  0x00000278c3251800 WatcherThread [stack: 0x000000cdccc00000,0x000000cdccd00000] [id=3992]
  0x00000278a9e88000 GCTaskThread "GC Thread#0" [stack: 0x000000cdcbd00000,0x000000cdcbe00000] [id=7868]
  0x00000278c3581000 GCTaskThread "GC Thread#1" [stack: 0x000000cdccd00000,0x000000cdcce00000] [id=8400]
  0x00000278c3a8f800 GCTaskThread "GC Thread#2" [stack: 0x000000cdccf00000,0x000000cdcd000000] [id=1608]
  0x00000278c45f0000 GCTaskThread "GC Thread#3" [stack: 0x000000cdcd000000,0x000000cdcd100000] [id=7880]
  0x00000278a9eae800 ConcurrentGCThread "G1 Main Marker" [stack: 0x000000cdcbe00000,0x000000cdcbf00000] [id=10096]
  0x00000278a9eb0000 ConcurrentGCThread "G1 Conc#0" [stack: 0x000000cdcbf00000,0x000000cdcc000000] [id=2392]
  0x00000278a9ef3800 ConcurrentGCThread "G1 Refine#0" [stack: 0x000000cdcc000000,0x000000cdcc100000] [id=5084]
  0x00000278d104d000 ConcurrentGCThread "G1 Refine#1" [stack: 0x000000cdcea00000,0x000000cdceb00000] [id=8168]
  0x00000278c79a1000 ConcurrentGCThread "G1 Refine#2" [stack: 0x000000cdceb00000,0x000000cdcec00000] [id=9148]
  0x00000278a9ef4800 ConcurrentGCThread "G1 Young RemSet Sampling" [stack: 0x000000cdcc100000,0x000000cdcc200000] [id=10360]

Threads with active compile tasks:
C2 CompilerThread0 272742 12458 %     4       org.objectweb.asm.ClassWriter::toByteArray @ 813 (1513 bytes)

VM state:at safepoint (normal execution)

VM Mutex/Monitor currently owned by a thread:  ([mutex/lock_event])
[0x00000278a9e6bcd0] Threads_lock - owner thread: 0x00000278c2ed3000
[0x00000278a9e6a380] Heap_lock - owner thread: 0x00000278c51a9000

Heap address: 0x00000000a0000000, size: 1536 MB, Compressed Oops mode: 32-bit
Narrow klass base: 0x0000000000000000, Narrow klass shift: 3
Compressed class space size: 1073741824 Address: 0x0000000100000000

Heap:
 garbage-first heap   total 297984K, used 237553K [0x00000000a0000000, 0x0000000100000000)
  region size 1024K, 125 young (128000K), 1 survivors (1024K)
 Metaspace       used 85311K, capacity 87893K, committed 88192K, reserved 1126400K
  class space    used 10697K, capacity 11578K, committed 11648K, reserved 1048576K
Heap Regions: E=young(eden), S=young(survivor), O=old, HS=humongous(starts), HC=humongous(continues), CS=collection set, F=free, A=archive, TAMS=top-at-mark-start (previous, next)
|   0|0x00000000a0000000, 0x00000000a0100000, 0x00000000a0100000|100%| O|  |TAMS 0x00000000a0100000, 0x00000000a0000000| Untracked 
|   1|0x00000000a0100000, 0x00000000a0200000, 0x00000000a0200000|100%| O|  |TAMS 0x00000000a0200000, 0x00000000a0100000| Untracked 
|   2|0x00000000a0200000, 0x00000000a0300000, 0x00000000a0300000|100%| O|  |TAMS 0x00000000a0300000, 0x00000000a0200000| Untracked 
|   3|0x00000000a0300000, 0x00000000a0400000, 0x00000000a0400000|100%|HS|  |TAMS 0x00000000a0400000, 0x00000000a0300000| Complete 
|   4|0x00000000a0400000, 0x00000000a0500000, 0x00000000a0500000|100%|HC|  |TAMS 0x00000000a0500000, 0x00000000a0400000| Complete 
|   5|0x00000000a0500000, 0x00000000a0600000, 0x00000000a0600000|100%|HC|  |TAMS 0x00000000a0600000, 0x00000000a0500000| Complete 
|   6|0x00000000a0600000, 0x00000000a0700000, 0x00000000a0700000|100%| O|  |TAMS 0x00000000a0700000, 0x00000000a0600000| Untracked 
|   7|0x00000000a0700000, 0x00000000a0800000, 0x00000000a0800000|100%| O|  |TAMS 0x00000000a0800000, 0x00000000a0700000| Untracked 
|   8|0x00000000a0800000, 0x00000000a0900000, 0x00000000a0900000|100%| O|  |TAMS 0x00000000a0900000, 0x00000000a0800000| Untracked 
|   9|0x00000000a0900000, 0x00000000a0a00000, 0x00000000a0a00000|100%| O|  |TAMS 0x00000000a0a00000, 0x00000000a0900000| Untracked 
|  10|0x00000000a0a00000, 0x00000000a0b00000, 0x00000000a0b00000|100%| O|  |TAMS 0x00000000a0b00000, 0x00000000a0a00000| Untracked 
|  11|0x00000000a0b00000, 0x00000000a0c00000, 0x00000000a0c00000|100%| O|  |TAMS 0x00000000a0c00000, 0x00000000a0b00000| Untracked 
|  12|0x00000000a0c00000, 0x00000000a0d00000, 0x00000000a0d00000|100%| O|  |TAMS 0x00000000a0d00000, 0x00000000a0c00000| Untracked 
|  13|0x00000000a0d00000, 0x00000000a0e00000, 0x00000000a0e00000|100%| O|  |TAMS 0x00000000a0e00000, 0x00000000a0d00000| Untracked 
|  14|0x00000000a0e00000, 0x00000000a0f00000, 0x00000000a0f00000|100%| O|  |TAMS 0x00000000a0f00000, 0x00000000a0e00000| Untracked 
|  15|0x00000000a0f00000, 0x00000000a1000000, 0x00000000a1000000|100%| O|  |TAMS 0x00000000a1000000, 0x00000000a0f00000| Untracked 
|  16|0x00000000a1000000, 0x00000000a1100000, 0x00000000a1100000|100%| O|  |TAMS 0x00000000a1100000, 0x00000000a1000000| Untracked 
|  17|0x00000000a1100000, 0x00000000a1200000, 0x00000000a1200000|100%| O|  |TAMS 0x00000000a1200000, 0x00000000a1100000| Untracked 
|  18|0x00000000a1200000, 0x00000000a1300000, 0x00000000a1300000|100%| O|  |TAMS 0x00000000a1300000, 0x00000000a1200000| Untracked 
|  19|0x00000000a1300000, 0x00000000a1400000, 0x00000000a1400000|100%| O|  |TAMS 0x00000000a1400000, 0x00000000a1300000| Untracked 
|  20|0x00000000a1400000, 0x00000000a1500000, 0x00000000a1500000|100%| O|  |TAMS 0x00000000a1500000, 0x00000000a1400000| Untracked 
|  21|0x00000000a1500000, 0x00000000a1600000, 0x00000000a1600000|100%| O|  |TAMS 0x00000000a1600000, 0x00000000a1500000| Untracked 
|  22|0x00000000a1600000, 0x00000000a1700000, 0x00000000a1700000|100%| O|  |TAMS 0x00000000a1700000, 0x00000000a1600000| Untracked 
|  23|0x00000000a1700000, 0x00000000a1800000, 0x00000000a1800000|100%| O|  |TAMS 0x00000000a1800000, 0x00000000a1700000| Untracked 
|  24|0x00000000a1800000, 0x00000000a1900000, 0x00000000a1900000|100%| O|  |TAMS 0x00000000a1900000, 0x00000000a1800000| Untracked 
|  25|0x00000000a1900000, 0x00000000a1a00000, 0x00000000a1a00000|100%| O|  |TAMS 0x00000000a1a00000, 0x00000000a1900000| Untracked 
|  26|0x00000000a1a00000, 0x00000000a1b00000, 0x00000000a1b00000|100%| O|  |TAMS 0x00000000a1b00000, 0x00000000a1a00000| Untracked 
|  27|0x00000000a1b00000, 0x00000000a1c00000, 0x00000000a1c00000|100%| O|  |TAMS 0x00000000a1c00000, 0x00000000a1b00000| Untracked 
|  28|0x00000000a1c00000, 0x00000000a1d00000, 0x00000000a1d00000|100%|HS|  |TAMS 0x00000000a1d00000, 0x00000000a1c00000| Complete 
|  29|0x00000000a1d00000, 0x00000000a1e00000, 0x00000000a1e00000|100%| O|  |TAMS 0x00000000a1e00000, 0x00000000a1d00000| Untracked 
|  30|0x00000000a1e00000, 0x00000000a1f00000, 0x00000000a1f00000|100%| O|  |TAMS 0x00000000a1f00000, 0x00000000a1e00000| Untracked 
|  31|0x00000000a1f00000, 0x00000000a2000000, 0x00000000a2000000|100%|HS|  |TAMS 0x00000000a2000000, 0x00000000a1f00000| Complete 
|  32|0x00000000a2000000, 0x00000000a2100000, 0x00000000a2100000|100%|HS|  |TAMS 0x00000000a2100000, 0x00000000a2000000| Complete 
|  33|0x00000000a2100000, 0x00000000a2200000, 0x00000000a2200000|100%|HC|  |TAMS 0x00000000a2200000, 0x00000000a2100000| Complete 
|  34|0x00000000a2200000, 0x00000000a2300000, 0x00000000a2300000|100%|HC|  |TAMS 0x00000000a2300000, 0x00000000a2200000| Complete 
|  35|0x00000000a2300000, 0x00000000a2400000, 0x00000000a2400000|100%|HS|  |TAMS 0x00000000a2400000, 0x00000000a2300000| Complete 
|  36|0x00000000a2400000, 0x00000000a2500000, 0x00000000a2500000|100%|HC|  |TAMS 0x00000000a2500000, 0x00000000a2400000| Complete 
|  37|0x00000000a2500000, 0x00000000a2600000, 0x00000000a2600000|100%| O|  |TAMS 0x00000000a2600000, 0x00000000a2500000| Untracked 
|  38|0x00000000a2600000, 0x00000000a2700000, 0x00000000a2700000|100%| O|  |TAMS 0x00000000a2700000, 0x00000000a2600000| Untracked 
|  39|0x00000000a2700000, 0x00000000a2800000, 0x00000000a2800000|100%| O|  |TAMS 0x00000000a2800000, 0x00000000a2700000| Untracked 
|  40|0x00000000a2800000, 0x00000000a2900000, 0x00000000a2900000|100%| O|  |TAMS 0x00000000a2900000, 0x00000000a2800000| Untracked 
|  41|0x00000000a2900000, 0x00000000a2a00000, 0x00000000a2a00000|100%| O|  |TAMS 0x00000000a2a00000, 0x00000000a2900000| Untracked 
|  42|0x00000000a2a00000, 0x00000000a2b00000, 0x00000000a2b00000|100%| O|  |TAMS 0x00000000a2b00000, 0x00000000a2a00000| Untracked 
|  43|0x00000000a2b00000, 0x00000000a2c00000, 0x00000000a2c00000|100%| O|  |TAMS 0x00000000a2c00000, 0x00000000a2b00000| Untracked 
|  44|0x00000000a2c00000, 0x00000000a2d00000, 0x00000000a2d00000|100%| O|  |TAMS 0x00000000a2d00000, 0x00000000a2c00000| Untracked 
|  45|0x00000000a2d00000, 0x00000000a2e00000, 0x00000000a2e00000|100%| O|  |TAMS 0x00000000a2e00000, 0x00000000a2d00000| Untracked 
|  46|0x00000000a2e00000, 0x00000000a2f00000, 0x00000000a2f00000|100%| O|  |TAMS 0x00000000a2f00000, 0x00000000a2e00000| Untracked 
|  47|0x00000000a2f00000, 0x00000000a3000000, 0x00000000a3000000|100%| O|  |TAMS 0x00000000a3000000, 0x00000000a2f00000| Untracked 
|  48|0x00000000a3000000, 0x00000000a3100000, 0x00000000a3100000|100%| O|  |TAMS 0x00000000a3100000, 0x00000000a3000000| Untracked 
|  49|0x00000000a3100000, 0x00000000a3200000, 0x00000000a3200000|100%| O|  |TAMS 0x00000000a3200000, 0x00000000a3100000| Untracked 
|  50|0x00000000a3200000, 0x00000000a3300000, 0x00000000a3300000|100%| O|  |TAMS 0x00000000a3300000, 0x00000000a3200000| Untracked 
|  51|0x00000000a3300000, 0x00000000a3400000, 0x00000000a3400000|100%| O|  |TAMS 0x00000000a3400000, 0x00000000a3300000| Untracked 
|  52|0x00000000a3400000, 0x00000000a3500000, 0x00000000a3500000|100%| O|  |TAMS 0x00000000a3500000, 0x00000000a3400000| Untracked 
|  53|0x00000000a3500000, 0x00000000a3600000, 0x00000000a3600000|100%| O|  |TAMS 0x00000000a3600000, 0x00000000a3500000| Untracked 
|  54|0x00000000a3600000, 0x00000000a3700000, 0x00000000a3700000|100%| O|  |TAMS 0x00000000a3700000, 0x00000000a3600000| Untracked 
|  55|0x00000000a3700000, 0x00000000a3800000, 0x00000000a3800000|100%| O|  |TAMS 0x00000000a3800000, 0x00000000a3700000| Untracked 
|  56|0x00000000a3800000, 0x00000000a3900000, 0x00000000a3900000|100%| O|  |TAMS 0x00000000a3900000, 0x00000000a3800000| Untracked 
|  57|0x00000000a3900000, 0x00000000a3a00000, 0x00000000a3a00000|100%| O|  |TAMS 0x00000000a3a00000, 0x00000000a3900000| Untracked 
|  58|0x00000000a3a00000, 0x00000000a3b00000, 0x00000000a3b00000|100%| O|  |TAMS 0x00000000a3b00000, 0x00000000a3a00000| Untracked 
|  59|0x00000000a3b00000, 0x00000000a3c00000, 0x00000000a3c00000|100%| O|  |TAMS 0x00000000a3c00000, 0x00000000a3b00000| Untracked 
|  60|0x00000000a3c00000, 0x00000000a3d00000, 0x00000000a3d00000|100%| O|  |TAMS 0x00000000a3d00000, 0x00000000a3c00000| Untracked 
|  61|0x00000000a3d00000, 0x00000000a3e00000, 0x00000000a3e00000|100%| O|  |TAMS 0x00000000a3e00000, 0x00000000a3d00000| Untracked 
|  62|0x00000000a3e00000, 0x00000000a3f00000, 0x00000000a3f00000|100%| O|  |TAMS 0x00000000a3f00000, 0x00000000a3e00000| Untracked 
|  63|0x00000000a3f00000, 0x00000000a4000000, 0x00000000a4000000|100%| O|  |TAMS 0x00000000a4000000, 0x00000000a3f00000| Untracked 
|  64|0x00000000a4000000, 0x00000000a4100000, 0x00000000a4100000|100%| O|  |TAMS 0x00000000a4100000, 0x00000000a4000000| Untracked 
|  65|0x00000000a4100000, 0x00000000a4200000, 0x00000000a4200000|100%| O|  |TAMS 0x00000000a4200000, 0x00000000a4100000| Untracked 
|  66|0x00000000a4200000, 0x00000000a4300000, 0x00000000a4300000|100%|HS|  |TAMS 0x00000000a4300000, 0x00000000a4200000| Complete 
|  67|0x00000000a4300000, 0x00000000a4400000, 0x00000000a4400000|100%|HC|  |TAMS 0x00000000a4400000, 0x00000000a4300000| Complete 
|  68|0x00000000a4400000, 0x00000000a4500000, 0x00000000a4500000|100%|HC|  |TAMS 0x00000000a4500000, 0x00000000a4400000| Complete 
|  69|0x00000000a4500000, 0x00000000a4600000, 0x00000000a4600000|100%| O|  |TAMS 0x00000000a4600000, 0x00000000a4500000| Untracked 
|  70|0x00000000a4600000, 0x00000000a4700000, 0x00000000a4700000|100%| O|  |TAMS 0x00000000a4700000, 0x00000000a4600000| Untracked 
|  71|0x00000000a4700000, 0x00000000a4800000, 0x00000000a4800000|100%| O|  |TAMS 0x00000000a4800000, 0x00000000a4700000| Untracked 
|  72|0x00000000a4800000, 0x00000000a4900000, 0x00000000a4900000|100%| O|  |TAMS 0x00000000a4900000, 0x00000000a4800000| Untracked 
|  73|0x00000000a4900000, 0x00000000a4a00000, 0x00000000a4a00000|100%| O|  |TAMS 0x00000000a4a00000, 0x00000000a4900000| Untracked 
|  74|0x00000000a4a00000, 0x00000000a4b00000, 0x00000000a4b00000|100%| O|  |TAMS 0x00000000a4b00000, 0x00000000a4a00000| Untracked 
|  75|0x00000000a4b00000, 0x00000000a4c00000, 0x00000000a4c00000|100%| O|  |TAMS 0x00000000a4c00000, 0x00000000a4b00000| Untracked 
|  76|0x00000000a4c00000, 0x00000000a4d00000, 0x00000000a4d00000|100%| O|  |TAMS 0x00000000a4c9e400, 0x00000000a4c00000| Untracked 
|  77|0x00000000a4d00000, 0x00000000a4e00000, 0x00000000a4e00000|100%| O|  |TAMS 0x00000000a4d00000, 0x00000000a4d00000| Untracked 
|  78|0x00000000a4e00000, 0x00000000a4f00000, 0x00000000a4f00000|100%| O|  |TAMS 0x00000000a4e00000, 0x00000000a4e00000| Untracked 
|  79|0x00000000a4f00000, 0x00000000a5000000, 0x00000000a5000000|100%| O|  |TAMS 0x00000000a4f00000, 0x00000000a4f00000| Untracked 
|  80|0x00000000a5000000, 0x00000000a5100000, 0x00000000a5100000|100%| O|  |TAMS 0x00000000a5000000, 0x00000000a5000000| Untracked 
|  81|0x00000000a5100000, 0x00000000a5200000, 0x00000000a5200000|100%| O|  |TAMS 0x00000000a5100000, 0x00000000a5100000| Untracked 
|  82|0x00000000a5200000, 0x00000000a5300000, 0x00000000a5300000|100%| O|  |TAMS 0x00000000a5200000, 0x00000000a5200000| Untracked 
|  83|0x00000000a5300000, 0x00000000a5400000, 0x00000000a5400000|100%| O|  |TAMS 0x00000000a5300000, 0x00000000a5300000| Untracked 
|  84|0x00000000a5400000, 0x00000000a5500000, 0x00000000a5500000|100%| O|  |TAMS 0x00000000a5400000, 0x00000000a5400000| Untracked 
|  85|0x00000000a5500000, 0x00000000a5600000, 0x00000000a5600000|100%| O|  |TAMS 0x00000000a5500000, 0x00000000a5500000| Untracked 
|  86|0x00000000a5600000, 0x00000000a5700000, 0x00000000a5700000|100%| O|  |TAMS 0x00000000a5600000, 0x00000000a5600000| Untracked 
|  87|0x00000000a5700000, 0x00000000a5800000, 0x00000000a5800000|100%| O|  |TAMS 0x00000000a5700000, 0x00000000a5700000| Untracked 
|  88|0x00000000a5800000, 0x00000000a5900000, 0x00000000a5900000|100%| O|  |TAMS 0x00000000a5800000, 0x00000000a5800000| Untracked 
|  89|0x00000000a5900000, 0x00000000a5a00000, 0x00000000a5a00000|100%| O|  |TAMS 0x00000000a5900000, 0x00000000a5900000| Untracked 
|  90|0x00000000a5a00000, 0x00000000a5b00000, 0x00000000a5b00000|100%| O|  |TAMS 0x00000000a5a00000, 0x00000000a5a00000| Untracked 
|  91|0x00000000a5b00000, 0x00000000a5c00000, 0x00000000a5c00000|100%|HS|  |TAMS 0x00000000a5b00000, 0x00000000a5b00000| Complete 
|  92|0x00000000a5c00000, 0x00000000a5d00000, 0x00000000a5d00000|100%|HS|  |TAMS 0x00000000a5c00000, 0x00000000a5c00000| Complete 
|  93|0x00000000a5d00000, 0x00000000a5e00000, 0x00000000a5e00000|100%| O|  |TAMS 0x00000000a5d00000, 0x00000000a5d00000| Untracked 
|  94|0x00000000a5e00000, 0x00000000a5f00000, 0x00000000a5f00000|100%| O|  |TAMS 0x00000000a5e00000, 0x00000000a5e00000| Untracked 
|  95|0x00000000a5f00000, 0x00000000a6000000, 0x00000000a6000000|100%|HS|  |TAMS 0x00000000a5f00000, 0x00000000a5f00000| Complete 
|  96|0x00000000a6000000, 0x00000000a60cb210, 0x00000000a6100000| 79%| O|  |TAMS 0x00000000a6000000, 0x00000000a6000000| Untracked 
|  97|0x00000000a6100000, 0x00000000a6100000, 0x00000000a6200000|  0%| F|  |TAMS 0x00000000a6100000, 0x00000000a6100000| Untracked 
|  98|0x00000000a6200000, 0x00000000a6200000, 0x00000000a6300000|  0%| F|  |TAMS 0x00000000a6200000, 0x00000000a6200000| Untracked 
|  99|0x00000000a6300000, 0x00000000a6300000, 0x00000000a6400000|  0%| F|  |TAMS 0x00000000a6300000, 0x00000000a6300000| Untracked 
| 100|0x00000000a6400000, 0x00000000a6400000, 0x00000000a6500000|  0%| F|  |TAMS 0x00000000a6400000, 0x00000000a6400000| Untracked 
| 101|0x00000000a6500000, 0x00000000a6500000, 0x00000000a6600000|  0%| F|  |TAMS 0x00000000a6500000, 0x00000000a6500000| Untracked 
| 102|0x00000000a6600000, 0x00000000a6600000, 0x00000000a6700000|  0%| F|  |TAMS 0x00000000a6600000, 0x00000000a6600000| Untracked 
| 103|0x00000000a6700000, 0x00000000a6700000, 0x00000000a6800000|  0%| F|  |TAMS 0x00000000a6700000, 0x00000000a6700000| Untracked 
| 104|0x00000000a6800000, 0x00000000a6800000, 0x00000000a6900000|  0%| F|  |TAMS 0x00000000a6800000, 0x00000000a6800000| Untracked 
| 105|0x00000000a6900000, 0x00000000a6900000, 0x00000000a6a00000|  0%| F|  |TAMS 0x00000000a6900000, 0x00000000a6900000| Untracked 
| 106|0x00000000a6a00000, 0x00000000a6a00000, 0x00000000a6b00000|  0%| F|  |TAMS 0x00000000a6a00000, 0x00000000a6a00000| Untracked 
| 107|0x00000000a6b00000, 0x00000000a6b00000, 0x00000000a6c00000|  0%| F|  |TAMS 0x00000000a6b00000, 0x00000000a6b00000| Untracked 
| 108|0x00000000a6c00000, 0x00000000a6c00000, 0x00000000a6d00000|  0%| F|  |TAMS 0x00000000a6c00000, 0x00000000a6c00000| Untracked 
| 109|0x00000000a6d00000, 0x00000000a6d00000, 0x00000000a6e00000|  0%| F|  |TAMS 0x00000000a6d00000, 0x00000000a6d00000| Untracked 
| 110|0x00000000a6e00000, 0x00000000a6e00000, 0x00000000a6f00000|  0%| F|  |TAMS 0x00000000a6e00000, 0x00000000a6e00000| Untracked 
| 111|0x00000000a6f00000, 0x00000000a6f00000, 0x00000000a7000000|  0%| F|  |TAMS 0x00000000a6f00000, 0x00000000a6f00000| Untracked 
| 112|0x00000000a7000000, 0x00000000a7000000, 0x00000000a7100000|  0%| F|  |TAMS 0x00000000a7000000, 0x00000000a7000000| Untracked 
| 113|0x00000000a7100000, 0x00000000a7100000, 0x00000000a7200000|  0%| F|  |TAMS 0x00000000a7100000, 0x00000000a7100000| Untracked 
| 114|0x00000000a7200000, 0x00000000a7200000, 0x00000000a7300000|  0%| F|  |TAMS 0x00000000a7200000, 0x00000000a7200000| Untracked 
| 115|0x00000000a7300000, 0x00000000a7300000, 0x00000000a7400000|  0%| F|  |TAMS 0x00000000a7300000, 0x00000000a7300000| Untracked 
| 116|0x00000000a7400000, 0x00000000a7400000, 0x00000000a7500000|  0%| F|  |TAMS 0x00000000a7400000, 0x00000000a7400000| Untracked 
| 117|0x00000000a7500000, 0x00000000a7500000, 0x00000000a7600000|  0%| F|  |TAMS 0x00000000a7500000, 0x00000000a7500000| Untracked 
| 118|0x00000000a7600000, 0x00000000a7600000, 0x00000000a7700000|  0%| F|  |TAMS 0x00000000a7600000, 0x00000000a7600000| Untracked 
| 119|0x00000000a7700000, 0x00000000a7700000, 0x00000000a7800000|  0%| F|  |TAMS 0x00000000a7700000, 0x00000000a7700000| Untracked 
| 120|0x00000000a7800000, 0x00000000a7800000, 0x00000000a7900000|  0%| F|  |TAMS 0x00000000a7800000, 0x00000000a7800000| Untracked 
| 121|0x00000000a7900000, 0x00000000a7900000, 0x00000000a7a00000|  0%| F|  |TAMS 0x00000000a7900000, 0x00000000a7900000| Untracked 
| 122|0x00000000a7a00000, 0x00000000a7a00000, 0x00000000a7b00000|  0%| F|  |TAMS 0x00000000a7a00000, 0x00000000a7a00000| Untracked 
| 123|0x00000000a7b00000, 0x00000000a7b00000, 0x00000000a7c00000|  0%| F|  |TAMS 0x00000000a7b00000, 0x00000000a7b00000| Untracked 
| 124|0x00000000a7c00000, 0x00000000a7c00000, 0x00000000a7d00000|  0%| F|  |TAMS 0x00000000a7c00000, 0x00000000a7c00000| Untracked 
| 125|0x00000000a7d00000, 0x00000000a7d00000, 0x00000000a7e00000|  0%| F|  |TAMS 0x00000000a7d00000, 0x00000000a7d00000| Untracked 
| 126|0x00000000a7e00000, 0x00000000a7e00000, 0x00000000a7f00000|  0%| F|  |TAMS 0x00000000a7e00000, 0x00000000a7e00000| Untracked 
| 127|0x00000000a7f00000, 0x00000000a7f00000, 0x00000000a8000000|  0%| F|  |TAMS 0x00000000a7f00000, 0x00000000a7f00000| Untracked 
| 128|0x00000000a8000000, 0x00000000a8000000, 0x00000000a8100000|  0%| F|  |TAMS 0x00000000a8000000, 0x00000000a8000000| Untracked 
| 129|0x00000000a8100000, 0x00000000a8100000, 0x00000000a8200000|  0%| F|  |TAMS 0x00000000a8100000, 0x00000000a8100000| Untracked 
| 130|0x00000000a8200000, 0x00000000a8200000, 0x00000000a8300000|  0%| F|  |TAMS 0x00000000a8200000, 0x00000000a8200000| Untracked 
| 131|0x00000000a8300000, 0x00000000a8300000, 0x00000000a8400000|  0%| F|  |TAMS 0x00000000a8300000, 0x00000000a8300000| Untracked 
| 132|0x00000000a8400000, 0x00000000a8400000, 0x00000000a8500000|  0%| F|  |TAMS 0x00000000a8400000, 0x00000000a8400000| Untracked 
| 133|0x00000000a8500000, 0x00000000a8500000, 0x00000000a8600000|  0%| F|  |TAMS 0x00000000a8500000, 0x00000000a8500000| Untracked 
| 134|0x00000000a8600000, 0x00000000a8600000, 0x00000000a8700000|  0%| F|  |TAMS 0x00000000a8600000, 0x00000000a8600000| Untracked 
| 135|0x00000000a8700000, 0x00000000a8700000, 0x00000000a8800000|  0%| F|  |TAMS 0x00000000a8700000, 0x00000000a8700000| Untracked 
| 136|0x00000000a8800000, 0x00000000a8800000, 0x00000000a8900000|  0%| F|  |TAMS 0x00000000a8800000, 0x00000000a8800000| Untracked 
| 137|0x00000000a8900000, 0x00000000a8900000, 0x00000000a8a00000|  0%| F|  |TAMS 0x00000000a8900000, 0x00000000a8900000| Untracked 
| 138|0x00000000a8a00000, 0x00000000a8a00000, 0x00000000a8b00000|  0%| F|  |TAMS 0x00000000a8a00000, 0x00000000a8a00000| Untracked 
| 139|0x00000000a8b00000, 0x00000000a8b00000, 0x00000000a8c00000|  0%| F|  |TAMS 0x00000000a8b00000, 0x00000000a8b00000| Untracked 
| 140|0x00000000a8c00000, 0x00000000a8c00000, 0x00000000a8d00000|  0%| F|  |TAMS 0x00000000a8c00000, 0x00000000a8c00000| Untracked 
| 141|0x00000000a8d00000, 0x00000000a8d00000, 0x00000000a8e00000|  0%| F|  |TAMS 0x00000000a8d00000, 0x00000000a8d00000| Untracked 
| 142|0x00000000a8e00000, 0x00000000a8e00000, 0x00000000a8f00000|  0%| F|  |TAMS 0x00000000a8e00000, 0x00000000a8e00000| Untracked 
| 143|0x00000000a8f00000, 0x00000000a8f31bb0, 0x00000000a9000000| 19%| E|CS|TAMS 0x00000000a8f00000, 0x00000000a8f00000| Complete 
| 144|0x00000000a9000000, 0x00000000a9100000, 0x00000000a9100000|100%| E|CS|TAMS 0x00000000a9000000, 0x00000000a9000000| Complete 
| 145|0x00000000a9100000, 0x00000000a9200000, 0x00000000a9200000|100%| E|CS|TAMS 0x00000000a9100000, 0x00000000a9100000| Complete 
| 146|0x00000000a9200000, 0x00000000a9300000, 0x00000000a9300000|100%| E|CS|TAMS 0x00000000a9200000, 0x00000000a9200000| Complete 
| 147|0x00000000a9300000, 0x00000000a9400000, 0x00000000a9400000|100%| E|CS|TAMS 0x00000000a9300000, 0x00000000a9300000| Complete 
| 148|0x00000000a9400000, 0x00000000a9500000, 0x00000000a9500000|100%| E|CS|TAMS 0x00000000a9400000, 0x00000000a9400000| Complete 
| 149|0x00000000a9500000, 0x00000000a9600000, 0x00000000a9600000|100%| E|CS|TAMS 0x00000000a9500000, 0x00000000a9500000| Complete 
| 150|0x00000000a9600000, 0x00000000a9700000, 0x00000000a9700000|100%| E|CS|TAMS 0x00000000a9600000, 0x00000000a9600000| Complete 
| 151|0x00000000a9700000, 0x00000000a9800000, 0x00000000a9800000|100%| E|CS|TAMS 0x00000000a9700000, 0x00000000a9700000| Complete 
| 152|0x00000000a9800000, 0x00000000a9900000, 0x00000000a9900000|100%| E|CS|TAMS 0x00000000a9800000, 0x00000000a9800000| Complete 
| 153|0x00000000a9900000, 0x00000000a9a00000, 0x00000000a9a00000|100%| E|CS|TAMS 0x00000000a9900000, 0x00000000a9900000| Complete 
| 154|0x00000000a9a00000, 0x00000000a9b00000, 0x00000000a9b00000|100%| E|CS|TAMS 0x00000000a9a00000, 0x00000000a9a00000| Complete 
| 155|0x00000000a9b00000, 0x00000000a9b00000, 0x00000000a9c00000|  0%| F|  |TAMS 0x00000000a9b00000, 0x00000000a9b00000| Untracked 
| 156|0x00000000a9c00000, 0x00000000a9c00000, 0x00000000a9d00000|  0%| F|  |TAMS 0x00000000a9c00000, 0x00000000a9c00000| Untracked 
| 157|0x00000000a9d00000, 0x00000000a9d00000, 0x00000000a9e00000|  0%| F|  |TAMS 0x00000000a9d00000, 0x00000000a9d00000| Untracked 
| 158|0x00000000a9e00000, 0x00000000a9e00000, 0x00000000a9f00000|  0%| F|  |TAMS 0x00000000a9e00000, 0x00000000a9e00000| Untracked 
| 159|0x00000000a9f00000, 0x00000000a9f00000, 0x00000000aa000000|  0%| F|  |TAMS 0x00000000a9f00000, 0x00000000a9f00000| Untracked 
| 160|0x00000000aa000000, 0x00000000aa000000, 0x00000000aa100000|  0%| F|  |TAMS 0x00000000aa000000, 0x00000000aa000000| Untracked 
| 161|0x00000000aa100000, 0x00000000aa100000, 0x00000000aa200000|  0%| F|  |TAMS 0x00000000aa100000, 0x00000000aa100000| Untracked 
| 162|0x00000000aa200000, 0x00000000aa200000, 0x00000000aa300000|  0%| F|  |TAMS 0x00000000aa200000, 0x00000000aa200000| Untracked 
| 163|0x00000000aa300000, 0x00000000aa300000, 0x00000000aa400000|  0%| F|  |TAMS 0x00000000aa300000, 0x00000000aa300000| Untracked 
| 164|0x00000000aa400000, 0x00000000aa400000, 0x00000000aa500000|  0%| F|  |TAMS 0x00000000aa400000, 0x00000000aa400000| Untracked 
| 165|0x00000000aa500000, 0x00000000aa500000, 0x00000000aa600000|  0%| F|  |TAMS 0x00000000aa500000, 0x00000000aa500000| Untracked 
| 166|0x00000000aa600000, 0x00000000aa6d4130, 0x00000000aa700000| 82%| S|  |TAMS 0x00000000aa600000, 0x00000000aa600000| Complete 
| 167|0x00000000aa700000, 0x00000000aa800000, 0x00000000aa800000|100%| E|CS|TAMS 0x00000000aa700000, 0x00000000aa700000| Complete 
| 168|0x00000000aa800000, 0x00000000aa900000, 0x00000000aa900000|100%| E|CS|TAMS 0x00000000aa800000, 0x00000000aa800000| Complete 
| 169|0x00000000aa900000, 0x00000000aaa00000, 0x00000000aaa00000|100%| E|CS|TAMS 0x00000000aa900000, 0x00000000aa900000| Complete 
| 170|0x00000000aaa00000, 0x00000000aab00000, 0x00000000aab00000|100%| E|CS|TAMS 0x00000000aaa00000, 0x00000000aaa00000| Complete 
| 171|0x00000000aab00000, 0x00000000aac00000, 0x00000000aac00000|100%| E|CS|TAMS 0x00000000aab00000, 0x00000000aab00000| Complete 
| 172|0x00000000aac00000, 0x00000000aad00000, 0x00000000aad00000|100%| E|CS|TAMS 0x00000000aac00000, 0x00000000aac00000| Complete 
| 173|0x00000000aad00000, 0x00000000aae00000, 0x00000000aae00000|100%| E|CS|TAMS 0x00000000aad00000, 0x00000000aad00000| Complete 
| 174|0x00000000aae00000, 0x00000000aaf00000, 0x00000000aaf00000|100%| E|CS|TAMS 0x00000000aae00000, 0x00000000aae00000| Complete 
| 175|0x00000000aaf00000, 0x00000000ab000000, 0x00000000ab000000|100%| E|CS|TAMS 0x00000000aaf00000, 0x00000000aaf00000| Complete 
| 176|0x00000000ab000000, 0x00000000ab100000, 0x00000000ab100000|100%| E|CS|TAMS 0x00000000ab000000, 0x00000000ab000000| Complete 
| 177|0x00000000ab100000, 0x00000000ab200000, 0x00000000ab200000|100%| E|CS|TAMS 0x00000000ab100000, 0x00000000ab100000| Complete 
| 178|0x00000000ab200000, 0x00000000ab300000, 0x00000000ab300000|100%| E|CS|TAMS 0x00000000ab200000, 0x00000000ab200000| Complete 
| 179|0x00000000ab300000, 0x00000000ab400000, 0x00000000ab400000|100%| E|CS|TAMS 0x00000000ab300000, 0x00000000ab300000| Complete 
| 180|0x00000000ab400000, 0x00000000ab500000, 0x00000000ab500000|100%| E|CS|TAMS 0x00000000ab400000, 0x00000000ab400000| Complete 
| 181|0x00000000ab500000, 0x00000000ab600000, 0x00000000ab600000|100%| E|CS|TAMS 0x00000000ab500000, 0x00000000ab500000| Complete 
| 182|0x00000000ab600000, 0x00000000ab700000, 0x00000000ab700000|100%| E|CS|TAMS 0x00000000ab600000, 0x00000000ab600000| Complete 
| 183|0x00000000ab700000, 0x00000000ab800000, 0x00000000ab800000|100%| E|CS|TAMS 0x00000000ab700000, 0x00000000ab700000| Complete 
| 184|0x00000000ab800000, 0x00000000ab900000, 0x00000000ab900000|100%| E|CS|TAMS 0x00000000ab800000, 0x00000000ab800000| Complete 
| 185|0x00000000ab900000, 0x00000000aba00000, 0x00000000aba00000|100%| E|CS|TAMS 0x00000000ab900000, 0x00000000ab900000| Complete 
| 186|0x00000000aba00000, 0x00000000abb00000, 0x00000000abb00000|100%| E|CS|TAMS 0x00000000aba00000, 0x00000000aba00000| Complete 
| 187|0x00000000abb00000, 0x00000000abc00000, 0x00000000abc00000|100%| E|CS|TAMS 0x00000000abb00000, 0x00000000abb00000| Complete 
| 188|0x00000000abc00000, 0x00000000abd00000, 0x00000000abd00000|100%| E|CS|TAMS 0x00000000abc00000, 0x00000000abc00000| Complete 
| 189|0x00000000abd00000, 0x00000000abe00000, 0x00000000abe00000|100%| E|CS|TAMS 0x00000000abd00000, 0x00000000abd00000| Complete 
| 190|0x00000000abe00000, 0x00000000abf00000, 0x00000000abf00000|100%| E|CS|TAMS 0x00000000abe00000, 0x00000000abe00000| Complete 
| 191|0x00000000abf00000, 0x00000000ac000000, 0x00000000ac000000|100%| E|CS|TAMS 0x00000000abf00000, 0x00000000abf00000| Complete 
| 192|0x00000000ac000000, 0x00000000ac100000, 0x00000000ac100000|100%| E|CS|TAMS 0x00000000ac000000, 0x00000000ac000000| Complete 
| 193|0x00000000ac100000, 0x00000000ac200000, 0x00000000ac200000|100%| E|CS|TAMS 0x00000000ac100000, 0x00000000ac100000| Complete 
| 194|0x00000000ac200000, 0x00000000ac300000, 0x00000000ac300000|100%| E|CS|TAMS 0x00000000ac200000, 0x00000000ac200000| Complete 
| 195|0x00000000ac300000, 0x00000000ac400000, 0x00000000ac400000|100%| E|CS|TAMS 0x00000000ac300000, 0x00000000ac300000| Complete 
| 196|0x00000000ac400000, 0x00000000ac500000, 0x00000000ac500000|100%| E|CS|TAMS 0x00000000ac400000, 0x00000000ac400000| Complete 
| 197|0x00000000ac500000, 0x00000000ac600000, 0x00000000ac600000|100%| E|CS|TAMS 0x00000000ac500000, 0x00000000ac500000| Complete 
| 198|0x00000000ac600000, 0x00000000ac700000, 0x00000000ac700000|100%| E|CS|TAMS 0x00000000ac600000, 0x00000000ac600000| Complete 
| 199|0x00000000ac700000, 0x00000000ac800000, 0x00000000ac800000|100%| E|CS|TAMS 0x00000000ac700000, 0x00000000ac700000| Complete 
| 200|0x00000000ac800000, 0x00000000ac900000, 0x00000000ac900000|100%| E|CS|TAMS 0x00000000ac800000, 0x00000000ac800000| Complete 
| 201|0x00000000ac900000, 0x00000000aca00000, 0x00000000aca00000|100%| E|CS|TAMS 0x00000000ac900000, 0x00000000ac900000| Complete 
| 202|0x00000000aca00000, 0x00000000acb00000, 0x00000000acb00000|100%| E|CS|TAMS 0x00000000aca00000, 0x00000000aca00000| Complete 
| 203|0x00000000acb00000, 0x00000000acc00000, 0x00000000acc00000|100%| E|CS|TAMS 0x00000000acb00000, 0x00000000acb00000| Complete 
| 204|0x00000000acc00000, 0x00000000acd00000, 0x00000000acd00000|100%| E|CS|TAMS 0x00000000acc00000, 0x00000000acc00000| Complete 
| 205|0x00000000acd00000, 0x00000000ace00000, 0x00000000ace00000|100%| E|CS|TAMS 0x00000000acd00000, 0x00000000acd00000| Complete 
| 206|0x00000000ace00000, 0x00000000acf00000, 0x00000000acf00000|100%| E|CS|TAMS 0x00000000ace00000, 0x00000000ace00000| Complete 
| 207|0x00000000acf00000, 0x00000000ad000000, 0x00000000ad000000|100%| E|CS|TAMS 0x00000000acf00000, 0x00000000acf00000| Complete 
| 208|0x00000000ad000000, 0x00000000ad100000, 0x00000000ad100000|100%| E|CS|TAMS 0x00000000ad000000, 0x00000000ad000000| Complete 
| 209|0x00000000ad100000, 0x00000000ad200000, 0x00000000ad200000|100%| E|CS|TAMS 0x00000000ad100000, 0x00000000ad100000| Complete 
| 210|0x00000000ad200000, 0x00000000ad300000, 0x00000000ad300000|100%| E|CS|TAMS 0x00000000ad200000, 0x00000000ad200000| Complete 
| 211|0x00000000ad300000, 0x00000000ad400000, 0x00000000ad400000|100%| E|CS|TAMS 0x00000000ad300000, 0x00000000ad300000| Complete 
| 212|0x00000000ad400000, 0x00000000ad500000, 0x00000000ad500000|100%| E|CS|TAMS 0x00000000ad400000, 0x00000000ad400000| Complete 
| 213|0x00000000ad500000, 0x00000000ad600000, 0x00000000ad600000|100%| E|CS|TAMS 0x00000000ad500000, 0x00000000ad500000| Complete 
| 214|0x00000000ad600000, 0x00000000ad700000, 0x00000000ad700000|100%| E|CS|TAMS 0x00000000ad600000, 0x00000000ad600000| Complete 
| 215|0x00000000ad700000, 0x00000000ad800000, 0x00000000ad800000|100%| E|CS|TAMS 0x00000000ad700000, 0x00000000ad700000| Complete 
| 216|0x00000000ad800000, 0x00000000ad900000, 0x00000000ad900000|100%| E|CS|TAMS 0x00000000ad800000, 0x00000000ad800000| Complete 
| 217|0x00000000ad900000, 0x00000000ada00000, 0x00000000ada00000|100%| E|CS|TAMS 0x00000000ad900000, 0x00000000ad900000| Complete 
| 218|0x00000000ada00000, 0x00000000adb00000, 0x00000000adb00000|100%| E|CS|TAMS 0x00000000ada00000, 0x00000000ada00000| Complete 
| 219|0x00000000adb00000, 0x00000000adc00000, 0x00000000adc00000|100%| E|CS|TAMS 0x00000000adb00000, 0x00000000adb00000| Complete 
| 220|0x00000000adc00000, 0x00000000add00000, 0x00000000add00000|100%| E|CS|TAMS 0x00000000adc00000, 0x00000000adc00000| Complete 
| 221|0x00000000add00000, 0x00000000ade00000, 0x00000000ade00000|100%| E|CS|TAMS 0x00000000add00000, 0x00000000add00000| Complete 
| 222|0x00000000ade00000, 0x00000000adf00000, 0x00000000adf00000|100%| E|CS|TAMS 0x00000000ade00000, 0x00000000ade00000| Complete 
| 223|0x00000000adf00000, 0x00000000ae000000, 0x00000000ae000000|100%| E|CS|TAMS 0x00000000adf00000, 0x00000000adf00000| Complete 
| 224|0x00000000ae000000, 0x00000000ae100000, 0x00000000ae100000|100%| E|CS|TAMS 0x00000000ae000000, 0x00000000ae000000| Complete 
| 225|0x00000000ae100000, 0x00000000ae200000, 0x00000000ae200000|100%| E|CS|TAMS 0x00000000ae100000, 0x00000000ae100000| Complete 
| 226|0x00000000ae200000, 0x00000000ae300000, 0x00000000ae300000|100%| E|CS|TAMS 0x00000000ae200000, 0x00000000ae200000| Complete 
| 227|0x00000000ae300000, 0x00000000ae400000, 0x00000000ae400000|100%| E|CS|TAMS 0x00000000ae300000, 0x00000000ae300000| Complete 
| 228|0x00000000ae400000, 0x00000000ae500000, 0x00000000ae500000|100%| E|CS|TAMS 0x00000000ae400000, 0x00000000ae400000| Complete 
| 229|0x00000000ae500000, 0x00000000ae600000, 0x00000000ae600000|100%| E|CS|TAMS 0x00000000ae500000, 0x00000000ae500000| Complete 
| 230|0x00000000ae600000, 0x00000000ae700000, 0x00000000ae700000|100%| E|CS|TAMS 0x00000000ae600000, 0x00000000ae600000| Complete 
| 231|0x00000000ae700000, 0x00000000ae800000, 0x00000000ae800000|100%| E|CS|TAMS 0x00000000ae700000, 0x00000000ae700000| Complete 
| 232|0x00000000ae800000, 0x00000000ae900000, 0x00000000ae900000|100%| E|CS|TAMS 0x00000000ae800000, 0x00000000ae800000| Complete 
| 233|0x00000000ae900000, 0x00000000aea00000, 0x00000000aea00000|100%| E|CS|TAMS 0x00000000ae900000, 0x00000000ae900000| Complete 
| 234|0x00000000aea00000, 0x00000000aeb00000, 0x00000000aeb00000|100%| E|CS|TAMS 0x00000000aea00000, 0x00000000aea00000| Complete 
| 235|0x00000000aeb00000, 0x00000000aec00000, 0x00000000aec00000|100%| E|CS|TAMS 0x00000000aeb00000, 0x00000000aeb00000| Complete 
| 236|0x00000000aec00000, 0x00000000aed00000, 0x00000000aed00000|100%| E|CS|TAMS 0x00000000aec00000, 0x00000000aec00000| Complete 
| 237|0x00000000aed00000, 0x00000000aee00000, 0x00000000aee00000|100%| E|CS|TAMS 0x00000000aed00000, 0x00000000aed00000| Complete 
| 238|0x00000000aee00000, 0x00000000aef00000, 0x00000000aef00000|100%| E|CS|TAMS 0x00000000aee00000, 0x00000000aee00000| Complete 
| 239|0x00000000aef00000, 0x00000000af000000, 0x00000000af000000|100%| E|CS|TAMS 0x00000000aef00000, 0x00000000aef00000| Complete 
| 240|0x00000000af000000, 0x00000000af100000, 0x00000000af100000|100%| E|CS|TAMS 0x00000000af000000, 0x00000000af000000| Complete 
| 241|0x00000000af100000, 0x00000000af200000, 0x00000000af200000|100%| E|CS|TAMS 0x00000000af100000, 0x00000000af100000| Complete 
| 242|0x00000000af200000, 0x00000000af300000, 0x00000000af300000|100%| E|CS|TAMS 0x00000000af200000, 0x00000000af200000| Complete 
| 243|0x00000000af300000, 0x00000000af400000, 0x00000000af400000|100%| E|CS|TAMS 0x00000000af300000, 0x00000000af300000| Complete 
| 244|0x00000000af400000, 0x00000000af500000, 0x00000000af500000|100%| E|CS|TAMS 0x00000000af400000, 0x00000000af400000| Complete 
| 245|0x00000000af500000, 0x00000000af600000, 0x00000000af600000|100%| E|CS|TAMS 0x00000000af500000, 0x00000000af500000| Complete 
| 246|0x00000000af600000, 0x00000000af700000, 0x00000000af700000|100%| E|CS|TAMS 0x00000000af600000, 0x00000000af600000| Complete 
| 247|0x00000000af700000, 0x00000000af800000, 0x00000000af800000|100%| E|CS|TAMS 0x00000000af700000, 0x00000000af700000| Complete 
| 248|0x00000000af800000, 0x00000000af900000, 0x00000000af900000|100%| E|CS|TAMS 0x00000000af800000, 0x00000000af800000| Complete 
| 249|0x00000000af900000, 0x00000000afa00000, 0x00000000afa00000|100%| E|CS|TAMS 0x00000000af900000, 0x00000000af900000| Complete 
| 250|0x00000000afa00000, 0x00000000afb00000, 0x00000000afb00000|100%| E|CS|TAMS 0x00000000afa00000, 0x00000000afa00000| Complete 
| 251|0x00000000afb00000, 0x00000000afc00000, 0x00000000afc00000|100%| E|CS|TAMS 0x00000000afb00000, 0x00000000afb00000| Complete 
| 252|0x00000000afc00000, 0x00000000afd00000, 0x00000000afd00000|100%| E|CS|TAMS 0x00000000afc00000, 0x00000000afc00000| Complete 
| 253|0x00000000afd00000, 0x00000000afe00000, 0x00000000afe00000|100%| E|CS|TAMS 0x00000000afd00000, 0x00000000afd00000| Complete 
| 254|0x00000000afe00000, 0x00000000aff00000, 0x00000000aff00000|100%| E|CS|TAMS 0x00000000afe00000, 0x00000000afe00000| Complete 
| 255|0x00000000aff00000, 0x00000000b0000000, 0x00000000b0000000|100%| E|CS|TAMS 0x00000000aff00000, 0x00000000aff00000| Complete 
| 256|0x00000000b0000000, 0x00000000b0100000, 0x00000000b0100000|100%| E|CS|TAMS 0x00000000b0000000, 0x00000000b0000000| Complete 
| 257|0x00000000b0100000, 0x00000000b0200000, 0x00000000b0200000|100%| E|CS|TAMS 0x00000000b0100000, 0x00000000b0100000| Complete 
| 258|0x00000000b0200000, 0x00000000b0300000, 0x00000000b0300000|100%| E|CS|TAMS 0x00000000b0200000, 0x00000000b0200000| Complete 
| 259|0x00000000b0300000, 0x00000000b0400000, 0x00000000b0400000|100%| E|CS|TAMS 0x00000000b0300000, 0x00000000b0300000| Complete 
| 260|0x00000000b0400000, 0x00000000b0500000, 0x00000000b0500000|100%| E|CS|TAMS 0x00000000b0400000, 0x00000000b0400000| Complete 
| 261|0x00000000b0500000, 0x00000000b0600000, 0x00000000b0600000|100%| E|CS|TAMS 0x00000000b0500000, 0x00000000b0500000| Complete 
| 262|0x00000000b0600000, 0x00000000b0700000, 0x00000000b0700000|100%| E|CS|TAMS 0x00000000b0600000, 0x00000000b0600000| Complete 
| 263|0x00000000b0700000, 0x00000000b0800000, 0x00000000b0800000|100%| E|CS|TAMS 0x00000000b0700000, 0x00000000b0700000| Complete 
| 264|0x00000000b0800000, 0x00000000b0900000, 0x00000000b0900000|100%| E|CS|TAMS 0x00000000b0800000, 0x00000000b0800000| Complete 
| 265|0x00000000b0900000, 0x00000000b0a00000, 0x00000000b0a00000|100%| E|CS|TAMS 0x00000000b0900000, 0x00000000b0900000| Complete 
| 266|0x00000000b0a00000, 0x00000000b0b00000, 0x00000000b0b00000|100%| E|CS|TAMS 0x00000000b0a00000, 0x00000000b0a00000| Complete 
| 267|0x00000000b0b00000, 0x00000000b0c00000, 0x00000000b0c00000|100%| E|CS|TAMS 0x00000000b0b00000, 0x00000000b0b00000| Complete 
| 268|0x00000000b0c00000, 0x00000000b0d00000, 0x00000000b0d00000|100%| E|CS|TAMS 0x00000000b0c00000, 0x00000000b0c00000| Complete 
| 269|0x00000000b0d00000, 0x00000000b0e00000, 0x00000000b0e00000|100%| E|CS|TAMS 0x00000000b0d00000, 0x00000000b0d00000| Complete 
| 270|0x00000000b0e00000, 0x00000000b0f00000, 0x00000000b0f00000|100%| E|CS|TAMS 0x00000000b0e00000, 0x00000000b0e00000| Complete 
| 271|0x00000000b0f00000, 0x00000000b1000000, 0x00000000b1000000|100%| E|CS|TAMS 0x00000000b0f00000, 0x00000000b0f00000| Complete 
| 272|0x00000000b1000000, 0x00000000b1100000, 0x00000000b1100000|100%| E|CS|TAMS 0x00000000b1000000, 0x00000000b1000000| Complete 
| 273|0x00000000b1100000, 0x00000000b1200000, 0x00000000b1200000|100%| E|CS|TAMS 0x00000000b1100000, 0x00000000b1100000| Complete 
| 274|0x00000000b1200000, 0x00000000b1300000, 0x00000000b1300000|100%| E|CS|TAMS 0x00000000b1200000, 0x00000000b1200000| Complete 
| 275|0x00000000b1300000, 0x00000000b1400000, 0x00000000b1400000|100%| E|CS|TAMS 0x00000000b1300000, 0x00000000b1300000| Complete 
| 276|0x00000000b1400000, 0x00000000b1500000, 0x00000000b1500000|100%| E|CS|TAMS 0x00000000b1400000, 0x00000000b1400000| Complete 
| 277|0x00000000b1500000, 0x00000000b1600000, 0x00000000b1600000|100%| E|CS|TAMS 0x00000000b1500000, 0x00000000b1500000| Complete 
| 278|0x00000000b1600000, 0x00000000b1700000, 0x00000000b1700000|100%| E|CS|TAMS 0x00000000b1600000, 0x00000000b1600000| Complete 
| 279|0x00000000b1700000, 0x00000000b1800000, 0x00000000b1800000|100%| E|CS|TAMS 0x00000000b1700000, 0x00000000b1700000| Complete 
| 280|0x00000000b1800000, 0x00000000b1900000, 0x00000000b1900000|100%| E|CS|TAMS 0x00000000b1800000, 0x00000000b1800000| Complete 
| 281|0x00000000b1900000, 0x00000000b1a00000, 0x00000000b1a00000|100%| E|CS|TAMS 0x00000000b1900000, 0x00000000b1900000| Complete 
| 282|0x00000000b1a00000, 0x00000000b1b00000, 0x00000000b1b00000|100%| E|CS|TAMS 0x00000000b1a00000, 0x00000000b1a00000| Complete 
| 283|0x00000000b1b00000, 0x00000000b1c00000, 0x00000000b1c00000|100%| E|CS|TAMS 0x00000000b1b00000, 0x00000000b1b00000| Complete 
| 284|0x00000000b1c00000, 0x00000000b1d00000, 0x00000000b1d00000|100%| E|CS|TAMS 0x00000000b1c00000, 0x00000000b1c00000| Complete 
| 285|0x00000000b1d00000, 0x00000000b1e00000, 0x00000000b1e00000|100%| E|CS|TAMS 0x00000000b1d00000, 0x00000000b1d00000| Complete 
| 286|0x00000000b1e00000, 0x00000000b1f00000, 0x00000000b1f00000|100%| E|CS|TAMS 0x00000000b1e00000, 0x00000000b1e00000| Complete 
| 287|0x00000000b1f00000, 0x00000000b2000000, 0x00000000b2000000|100%| E|CS|TAMS 0x00000000b1f00000, 0x00000000b1f00000| Complete 
| 288|0x00000000b2000000, 0x00000000b2100000, 0x00000000b2100000|100%| E|CS|TAMS 0x00000000b2000000, 0x00000000b2000000| Complete 
| 289|0x00000000b2100000, 0x00000000b2200000, 0x00000000b2200000|100%| E|CS|TAMS 0x00000000b2100000, 0x00000000b2100000| Complete 
| 290|0x00000000b2200000, 0x00000000b2300000, 0x00000000b2300000|100%| E|CS|TAMS 0x00000000b2200000, 0x00000000b2200000| Complete 

Card table byte_map: [0x00000278bcc60000,0x00000278bcf60000] _byte_map_base: 0x00000278bc760000

Marking Bits (Prev, Next): (CMBitMap*) 0x00000278a9ea7a30, (CMBitMap*) 0x00000278a9ea79f8
 Prev Bits: [0x00000278bea60000, 0x00000278c0260000)
 Next Bits: [0x00000278bd260000, 0x00000278bea60000)

Polling page: 0x00000278a7e20000

Metaspace:

Usage:
  Non-class:     74.53 MB capacity,    72.87 MB ( 98%) used,     1.47 MB (  2%) free+waste,   200.31 KB ( <1%) overhead. 
      Class:     11.31 MB capacity,    10.45 MB ( 92%) used,   788.05 KB (  7%) free+waste,    92.25 KB ( <1%) overhead. 
       Both:     85.83 MB capacity,    83.31 MB ( 97%) used,     2.24 MB (  3%) free+waste,   292.56 KB ( <1%) overhead. 

Virtual space:
  Non-class space:       76.00 MB reserved,      74.75 MB ( 98%) committed 
      Class space:        1.00 GB reserved,      11.38 MB (  1%) committed 
             Both:        1.07 GB reserved,      86.13 MB (  8%) committed 

Chunk freelists:
   Non-Class:  37.00 KB
       Class:  6.00 KB
        Both:  43.00 KB

MaxMetaspaceSize: 17179869184.00 GB
CompressedClassSpaceSize: 1.00 GB

CodeHeap 'non-profiled nmethods': size=120064Kb used=9434Kb max_used=9434Kb free=110629Kb
 bounds [0x00000278b5420000, 0x00000278b5d60000, 0x00000278bc960000]
CodeHeap 'profiled nmethods': size=120000Kb used=29354Kb max_used=29354Kb free=90645Kb
 bounds [0x00000278adef0000, 0x00000278afba0000, 0x00000278b5420000]
CodeHeap 'non-nmethods': size=5696Kb used=2288Kb max_used=2331Kb free=3407Kb
 bounds [0x00000278ad960000, 0x00000278adbd0000, 0x00000278adef0000]
 total_blobs=13078 nmethods=12180 adapters=808
 compilation: enabled
              stopped_count=0, restarted_count=0
 full_count=0

Compilation events (20 events):
Event: 269.979 Thread 0x00000278c2f61800 12466       3       org.apache.tools.zip.ZipOutputStream::closeEntry (66 bytes)
Event: 269.982 Thread 0x00000278c2f61800 nmethod 12466 0x00000278afb71b90 code [0x00000278afb71dc0, 0x00000278afb72318]
Event: 269.982 Thread 0x00000278c2f61800 12467   !   3       java.util.zip.Deflater::reset (64 bytes)
Event: 269.989 Thread 0x00000278c2f61800 nmethod 12467 0x00000278afb72610 code [0x00000278afb727e0, 0x00000278afb72bf8]
Event: 269.990 Thread 0x00000278c2f61800 12468       3       org.apache.tools.zip.ZipOutputStream::checkIfNeedsZip64 (44 bytes)
Event: 269.991 Thread 0x00000278c2f61800 nmethod 12468 0x00000278afb72d90 code [0x00000278afb72fa0, 0x00000278afb73518]
Event: 269.992 Thread 0x00000278c2f61800 12469       3       org.apache.tools.zip.ZipOutputStream::createLocalFileHeader (320 bytes)
Event: 270.009 Thread 0x00000278c2f61800 nmethod 12469 0x00000278afb73710 code [0x00000278afb73b00, 0x00000278afb75548]
Event: 270.027 Thread 0x00000278c2f61800 12470       3       org.apache.tools.zip.ZipOutputStream::handleSizesAndCrc (279 bytes)
Event: 270.036 Thread 0x00000278c2f61800 nmethod 12470 0x00000278afb75e90 code [0x00000278afb763a0, 0x00000278afb78878]
Event: 270.036 Thread 0x00000278c2f61800 12471       3       org.apache.tools.zip.ZipOutputStream::putNextEntry (249 bytes)
Event: 270.045 Thread 0x00000278c2f61800 nmethod 12471 0x00000278afb79590 code [0x00000278afb79940, 0x00000278afb7af48]
Event: 270.253 Thread 0x00000278c2f5e000 nmethod 12456 0x00000278b5d44d10 code [0x00000278b5d45140, 0x00000278b5d49220]
Event: 270.254 Thread 0x00000278c2f5e000 12464       4       org.objectweb.asm.ClassReader::accept (1376 bytes)
Event: 270.375 Thread 0x00000278c2f61800 12478       3       java.security.AccessController::getContext (23 bytes)
Event: 270.384 Thread 0x00000278c2f61800 nmethod 12478 0x00000278afb7b790 code [0x00000278afb7b960, 0x00000278afb7bc18]
Event: 270.834 Thread 0x00000278c2f61800 12480 %     3       org.objectweb.asm.ClassReader::readCode @ 2015 (5089 bytes)
Event: 271.278 Thread 0x00000278c2f61800 nmethod 12480% 0x00000278afb7bd90 code [0x00000278afb7d2c0, 0x00000278afb91208]
Event: 271.396 Thread 0x00000278c2f5e000 nmethod 12464 0x00000278b5d4bb10 code [0x00000278b5d4c0c0, 0x00000278b5d532d0]
Event: 271.446 Thread 0x00000278c2f5e000 12458 %     4       org.objectweb.asm.ClassWriter::toByteArray @ 813 (1513 bytes)

GC Heap History (20 events):
Event: 257.334 GC heap before
{Heap before GC invocations=84 (full 0):
 garbage-first heap   total 297984K, used 125250K [0x00000000a0000000, 0x0000000100000000)
  region size 1024K, 32 young (32768K), 4 survivors (4096K)
 Metaspace       used 85278K, capacity 87828K, committed 87936K, reserved 1126400K
  class space    used 10697K, capacity 11578K, committed 11648K, reserved 1048576K
}
Event: 257.367 GC heap after
{Heap after GC invocations=85 (full 0):
 garbage-first heap   total 297984K, used 98360K [0x00000000a0000000, 0x0000000100000000)
  region size 1024K, 3 young (3072K), 3 survivors (3072K)
 Metaspace       used 85278K, capacity 87828K, committed 87936K, reserved 1126400K
  class space    used 10697K, capacity 11578K, committed 11648K, reserved 1048576K
}
Event: 257.783 GC heap before
{Heap before GC invocations=85 (full 0):
 garbage-first heap   total 297984K, used 130104K [0x00000000a0000000, 0x0000000100000000)
  region size 1024K, 36 young (36864K), 3 survivors (3072K)
 Metaspace       used 85279K, capacity 87828K, committed 87936K, reserved 1126400K
  class space    used 10697K, capacity 11578K, committed 11648K, reserved 1048576K
}
Event: 257.915 GC heap after
{Heap after GC invocations=86 (full 0):
 garbage-first heap   total 297984K, used 99195K [0x00000000a0000000, 0x0000000100000000)
  region size 1024K, 4 young (4096K), 4 survivors (4096K)
 Metaspace       used 85279K, capacity 87828K, committed 87936K, reserved 1126400K
  class space    used 10697K, capacity 11578K, committed 11648K, reserved 1048576K
}
Event: 258.266 GC heap before
{Heap before GC invocations=86 (full 0):
 garbage-first heap   total 297984K, used 134011K [0x00000000a0000000, 0x0000000100000000)
  region size 1024K, 39 young (39936K), 4 survivors (4096K)
 Metaspace       used 85281K, capacity 87828K, committed 87936K, reserved 1126400K
  class space    used 10697K, capacity 11578K, committed 11648K, reserved 1048576K
}
Event: 258.289 GC heap after
{Heap after GC invocations=87 (full 0):
 garbage-first heap   total 297984K, used 100070K [0x00000000a0000000, 0x0000000100000000)
  region size 1024K, 4 young (4096K), 4 survivors (4096K)
 Metaspace       used 85281K, capacity 87828K, committed 87936K, reserved 1126400K
  class space    used 10697K, capacity 11578K, committed 11648K, reserved 1048576K
}
Event: 258.944 GC heap before
{Heap before GC invocations=87 (full 0):
 garbage-first heap   total 297984K, used 147174K [0x00000000a0000000, 0x0000000100000000)
  region size 1024K, 51 young (52224K), 4 survivors (4096K)
 Metaspace       used 85281K, capacity 87828K, committed 87936K, reserved 1126400K
  class space    used 10697K, capacity 11578K, committed 11648K, reserved 1048576K
}
Event: 258.970 GC heap after
{Heap after GC invocations=88 (full 0):
 garbage-first heap   total 297984K, used 99916K [0x00000000a0000000, 0x0000000100000000)
  region size 1024K, 4 young (4096K), 4 survivors (4096K)
 Metaspace       used 85281K, capacity 87828K, committed 87936K, reserved 1126400K
  class space    used 10697K, capacity 11578K, committed 11648K, reserved 1048576K
}
Event: 260.809 GC heap before
{Heap before GC invocations=88 (full 0):
 garbage-first heap   total 297984K, used 163404K [0x00000000a0000000, 0x0000000100000000)
  region size 1024K, 67 young (68608K), 4 survivors (4096K)
 Metaspace       used 85283K, capacity 87828K, committed 87936K, reserved 1126400K
  class space    used 10697K, capacity 11578K, committed 11648K, reserved 1048576K
}
Event: 260.860 GC heap after
{Heap after GC invocations=89 (full 0):
 garbage-first heap   total 297984K, used 100940K [0x00000000a0000000, 0x0000000100000000)
  region size 1024K, 5 young (5120K), 5 survivors (5120K)
 Metaspace       used 85283K, capacity 87828K, committed 87936K, reserved 1126400K
  class space    used 10697K, capacity 11578K, committed 11648K, reserved 1048576K
}
Event: 263.905 GC heap before
{Heap before GC invocations=89 (full 0):
 garbage-first heap   total 297984K, used 186956K [0x00000000a0000000, 0x0000000100000000)
  region size 1024K, 88 young (90112K), 5 survivors (5120K)
 Metaspace       used 85291K, capacity 87829K, committed 87936K, reserved 1126400K
  class space    used 10697K, capacity 11578K, committed 11648K, reserved 1048576K
}
Event: 264.415 GC heap after
{Heap after GC invocations=90 (full 0):
 garbage-first heap   total 297984K, used 106171K [0x00000000a0000000, 0x0000000100000000)
  region size 1024K, 9 young (9216K), 9 survivors (9216K)
 Metaspace       used 85291K, capacity 87829K, committed 87936K, reserved 1126400K
  class space    used 10697K, capacity 11578K, committed 11648K, reserved 1048576K
}
Event: 265.032 GC heap before
{Heap before GC invocations=90 (full 0):
 garbage-first heap   total 297984K, used 145083K [0x00000000a0000000, 0x0000000100000000)
  region size 1024K, 48 young (49152K), 9 survivors (9216K)
 Metaspace       used 85293K, capacity 87829K, committed 87936K, reserved 1126400K
  class space    used 10697K, capacity 11578K, committed 11648K, reserved 1048576K
}
Event: 265.101 GC heap after
{Heap after GC invocations=91 (full 0):
 garbage-first heap   total 297984K, used 103210K [0x00000000a0000000, 0x0000000100000000)
  region size 1024K, 4 young (4096K), 4 survivors (4096K)
 Metaspace       used 85293K, capacity 87829K, committed 87936K, reserved 1126400K
  class space    used 10697K, capacity 11578K, committed 11648K, reserved 1048576K
}
Event: 266.075 GC heap before
{Heap before GC invocations=91 (full 0):
 garbage-first heap   total 297984K, used 157482K [0x00000000a0000000, 0x0000000100000000)
  region size 1024K, 58 young (59392K), 4 survivors (4096K)
 Metaspace       used 85296K, capacity 87829K, committed 87936K, reserved 1126400K
  class space    used 10697K, capacity 11578K, committed 11648K, reserved 1048576K
}
Event: 266.121 GC heap after
{Heap after GC invocations=92 (full 0):
 garbage-first heap   total 297984K, used 104026K [0x00000000a0000000, 0x0000000100000000)
  region size 1024K, 5 young (5120K), 5 survivors (5120K)
 Metaspace       used 85296K, capacity 87829K, committed 87936K, reserved 1126400K
  class space    used 10697K, capacity 11578K, committed 11648K, reserved 1048576K
}
Event: 267.488 GC heap before
{Heap before GC invocations=92 (full 0):
 garbage-first heap   total 297984K, used 183898K [0x00000000a0000000, 0x0000000100000000)
  region size 1024K, 84 young (86016K), 5 survivors (5120K)
 Metaspace       used 85300K, capacity 87829K, committed 87936K, reserved 1126400K
  class space    used 10697K, capacity 11578K, committed 11648K, reserved 1048576K
}
Event: 267.502 GC heap after
{Heap after GC invocations=93 (full 0):
 garbage-first heap   total 297984K, used 103661K [0x00000000a0000000, 0x0000000100000000)
  region size 1024K, 5 young (5120K), 5 survivors (5120K)
 Metaspace       used 85300K, capacity 87829K, committed 87936K, reserved 1126400K
  class space    used 10697K, capacity 11578K, committed 11648K, reserved 1048576K
}
Event: 270.118 GC heap before
{Heap before GC invocations=93 (full 0):
 garbage-first heap   total 297984K, used 236781K [0x00000000a0000000, 0x0000000100000000)
  region size 1024K, 136 young (139264K), 5 survivors (5120K)
 Metaspace       used 85308K, capacity 87893K, committed 88192K, reserved 1126400K
  class space    used 10697K, capacity 11578K, committed 11648K, reserved 1048576K
}
Event: 270.241 GC heap after
{Heap after GC invocations=94 (full 0):
 garbage-first heap   total 297984K, used 110577K [0x00000000a0000000, 0x0000000100000000)
  region size 1024K, 12 young (12288K), 12 survivors (12288K)
 Metaspace       used 85308K, capacity 87893K, committed 88192K, reserved 1126400K
  class space    used 10697K, capacity 11578K, committed 11648K, reserved 1048576K
}

Deoptimization events (20 events):
Event: 268.153 Thread 0x00000278c51ac000 DEOPT PACKING pc=0x00000278afb18776 sp=0x000000cdcecfe570
Event: 268.154 Thread 0x00000278c51ac000 DEOPT UNPACKING pc=0x00000278ad98764e sp=0x000000cdcecfda90 mode 0
Event: 268.627 Thread 0x00000278d312b000 DEOPT PACKING pc=0x00000278afb18776 sp=0x000000cdd16fe460
Event: 268.866 Thread 0x00000278d312b000 DEOPT UNPACKING pc=0x00000278ad98764e sp=0x000000cdd16fd980 mode 0
Event: 268.912 Thread 0x00000278c51a9000 DEOPT PACKING pc=0x00000278afb18776 sp=0x000000cdceefe770
Event: 268.912 Thread 0x00000278c51a9000 DEOPT UNPACKING pc=0x00000278ad98764e sp=0x000000cdceefdc90 mode 0
Event: 269.167 Thread 0x00000278d312b000 DEOPT PACKING pc=0x00000278afb18776 sp=0x000000cdd16fe460
Event: 269.167 Thread 0x00000278d312b000 DEOPT UNPACKING pc=0x00000278ad98764e sp=0x000000cdd16fd980 mode 0
Event: 269.280 Thread 0x00000278c51b1000 DEOPT PACKING pc=0x00000278afb18776 sp=0x000000cdcf7fe600
Event: 269.280 Thread 0x00000278c51b1000 DEOPT UNPACKING pc=0x00000278ad98764e sp=0x000000cdcf7fdb20 mode 0
Event: 269.949 Thread 0x00000278c6f89800 DEOPT PACKING pc=0x00000278afb35da8 sp=0x000000cdd20fe990
Event: 269.949 Thread 0x00000278c6f89800 DEOPT UNPACKING pc=0x00000278ad98764e sp=0x000000cdd20fdf70 mode 0
Event: 270.286 Thread 0x00000278c6f83000 DEOPT PACKING pc=0x00000278afb35da8 sp=0x000000cdd1dfe550
Event: 270.286 Thread 0x00000278c6f83000 DEOPT UNPACKING pc=0x00000278ad98764e sp=0x000000cdd1dfdb30 mode 0
Event: 270.827 Thread 0x00000278c6f8e800 Uncommon trap: trap_request=0xffffff4d fr.pc=0x00000278b5a0c620 relative=0x0000000000007f80
Event: 270.830 Thread 0x00000278c6f8e800 Uncommon trap: reason=unstable_if action=reinterpret pc=0x00000278b5a0c620 method=org.objectweb.asm.ClassReader.readCode(Lorg/objectweb/asm/MethodVisitor;Lorg/objectweb/asm/Context;I)V @ 98 c2
Event: 270.830 Thread 0x00000278c6f8e800 DEOPT PACKING pc=0x00000278b5a0c620 sp=0x000000cdd29fe150
Event: 270.833 Thread 0x00000278c6f8e800 DEOPT UNPACKING pc=0x00000278ad98782f sp=0x000000cdd29fe0b8 mode 2
Event: 271.118 Thread 0x00000278c6f83000 DEOPT PACKING pc=0x00000278af220659 sp=0x000000cdd1dfe0a0
Event: 271.153 Thread 0x00000278c6f83000 DEOPT UNPACKING pc=0x00000278ad98764e sp=0x000000cdd1dfd790 mode 0

Classes redefined (0 events):
No events

Internal exceptions (20 events):
Event: 267.692 Thread 0x00000278d3120800 Exception <a 'sun/nio/fs/WindowsException'{0x00000000b0a92a88}> (0x00000000b0a92a88) thrown at [./src/hotspot/share/prims/jni.cpp, line 615]
Event: 267.723 Thread 0x00000278d3128000 Exception <a 'sun/nio/fs/WindowsException'{0x00000000b0502568}> (0x00000000b0502568) thrown at [./src/hotspot/share/prims/jni.cpp, line 615]
Event: 267.840 Thread 0x00000278d3128800 Exception <a 'sun/nio/fs/WindowsException'{0x00000000b03b5b98}> (0x00000000b03b5b98) thrown at [./src/hotspot/share/prims/jni.cpp, line 615]
Event: 267.843 Thread 0x00000278d3128000 Exception <a 'sun/nio/fs/WindowsException'{0x00000000b0502700}> (0x00000000b0502700) thrown at [./src/hotspot/share/prims/jni.cpp, line 615]
Event: 267.853 Thread 0x00000278d3128800 Exception <a 'sun/nio/fs/WindowsException'{0x00000000b03b5d20}> (0x00000000b03b5d20) thrown at [./src/hotspot/share/prims/jni.cpp, line 615]
Event: 267.875 Thread 0x00000278d311f000 Exception <a 'sun/nio/fs/WindowsException'{0x00000000aff984c0}> (0x00000000aff984c0) thrown at [./src/hotspot/share/prims/jni.cpp, line 615]
Event: 267.880 Thread 0x00000278d311f000 Exception <a 'sun/nio/fs/WindowsException'{0x00000000aff98658}> (0x00000000aff98658) thrown at [./src/hotspot/share/prims/jni.cpp, line 615]
Event: 267.908 Thread 0x00000278d3120800 Exception <a 'sun/nio/fs/WindowsException'{0x00000000b0a92c28}> (0x00000000b0a92c28) thrown at [./src/hotspot/share/prims/jni.cpp, line 615]
Event: 268.030 Thread 0x00000278c6f80000 Exception <a 'sun/nio/fs/WindowsException'{0x00000000ae83ab30}> (0x00000000ae83ab30) thrown at [./src/hotspot/share/prims/jni.cpp, line 615]
Event: 268.032 Thread 0x00000278c6f80000 Exception <a 'sun/nio/fs/WindowsException'{0x00000000ae83ace8}> (0x00000000ae83ace8) thrown at [./src/hotspot/share/prims/jni.cpp, line 615]
Event: 268.042 Thread 0x00000278d3129800 Exception <a 'sun/nio/fs/WindowsException'{0x00000000ae70e478}> (0x00000000ae70e478) thrown at [./src/hotspot/share/prims/jni.cpp, line 615]
Event: 268.047 Thread 0x00000278d3129800 Exception <a 'sun/nio/fs/WindowsException'{0x00000000ae70e610}> (0x00000000ae70e610) thrown at [./src/hotspot/share/prims/jni.cpp, line 615]
Event: 270.289 Thread 0x00000278c6f85000 Exception <a 'sun/nio/fs/WindowsException'{0x00000000b229b080}> (0x00000000b229b080) thrown at [./src/hotspot/share/prims/jni.cpp, line 615]
Event: 270.300 Thread 0x00000278c6f85000 Exception <a 'sun/nio/fs/WindowsException'{0x00000000b229b228}> (0x00000000b229b228) thrown at [./src/hotspot/share/prims/jni.cpp, line 615]
Event: 270.505 Thread 0x00000278c6f89000 Exception <a 'sun/nio/fs/WindowsException'{0x00000000affad770}> (0x00000000affad770) thrown at [./src/hotspot/share/prims/jni.cpp, line 615]
Event: 270.516 Thread 0x00000278c6f89000 Exception <a 'sun/nio/fs/WindowsException'{0x00000000affad918}> (0x00000000affad918) thrown at [./src/hotspot/share/prims/jni.cpp, line 615]
Event: 270.638 Thread 0x00000278c6f8e000 Exception <a 'sun/nio/fs/WindowsException'{0x00000000aec14eb8}> (0x00000000aec14eb8) thrown at [./src/hotspot/share/prims/jni.cpp, line 615]
Event: 270.641 Thread 0x00000278c6f8e000 Exception <a 'sun/nio/fs/WindowsException'{0x00000000aec15080}> (0x00000000aec15080) thrown at [./src/hotspot/share/prims/jni.cpp, line 615]
Event: 270.662 Thread 0x00000278d312b000 Exception <a 'sun/nio/fs/WindowsException'{0x00000000aeb9e4c8}> (0x00000000aeb9e4c8) thrown at [./src/hotspot/share/prims/jni.cpp, line 615]
Event: 270.664 Thread 0x00000278d312b000 Exception <a 'sun/nio/fs/WindowsException'{0x00000000aeb9e670}> (0x00000000aeb9e670) thrown at [./src/hotspot/share/prims/jni.cpp, line 615]

Events (20 events):
Event: 267.965 Thread 0x00000278c6f85800 Thread added: 0x00000278c6f85800
Event: 267.965 Thread 0x00000278c6f82800 Thread added: 0x00000278c6f82800
Event: 267.979 Thread 0x00000278c6f81800 Thread added: 0x00000278c6f81800
Event: 267.988 Thread 0x00000278c6f80000 Thread added: 0x00000278c6f80000
Event: 267.989 Thread 0x00000278c6f86800 Thread added: 0x00000278c6f86800
Event: 269.502 Thread 0x00000278c6f83000 Thread added: 0x00000278c6f83000
Event: 269.504 Thread 0x00000278c6f81000 Thread added: 0x00000278c6f81000
Event: 269.690 Thread 0x00000278c6f89000 Thread added: 0x00000278c6f89000
Event: 269.907 Thread 0x00000278c6f89800 Thread added: 0x00000278c6f89800
Event: 269.917 Thread 0x00000278c6f87800 Thread added: 0x00000278c6f87800
Event: 269.936 Thread 0x00000278c6f85000 Thread added: 0x00000278c6f85000
Event: 270.082 Thread 0x00000278c6f8a800 Thread added: 0x00000278c6f8a800
Event: 270.112 Executing VM operation: G1CollectForAllocation
Event: 270.242 Executing VM operation: G1CollectForAllocation done
Event: 270.370 Thread 0x00000278c6f8c000 Thread added: 0x00000278c6f8c000
Event: 270.371 Thread 0x00000278c6f88000 Thread added: 0x00000278c6f88000
Event: 270.374 Thread 0x00000278c6f8d000 Thread added: 0x00000278c6f8d000
Event: 270.378 Thread 0x00000278c6f8b800 Thread added: 0x00000278c6f8b800
Event: 270.386 Thread 0x00000278c6f8e000 Thread added: 0x00000278c6f8e000
Event: 270.403 Thread 0x00000278c6f8e800 Thread added: 0x00000278c6f8e800


Dynamic libraries:
0x00007ff7cc350000 - 0x00007ff7cc35a000 	C:\Program Files\Android\Android Studio\jre\bin\java.exe
0x00007ffdc9fb0000 - 0x00007ffdca1a5000 	C:\WINDOWS\SYSTEM32\ntdll.dll
0x00007ffdc8720000 - 0x00007ffdc87dd000 	C:\WINDOWS\System32\KERNEL32.DLL
0x00007ffdc7bf0000 - 0x00007ffdc7ebd000 	C:\WINDOWS\System32\KERNELBASE.dll
0x00007ffdc7af0000 - 0x00007ffdc7bf0000 	C:\WINDOWS\System32\ucrtbase.dll
0x00007ffdc0390000 - 0x00007ffdc03a9000 	C:\Program Files\Android\Android Studio\jre\bin\jli.dll
0x00007ffdc0370000 - 0x00007ffdc0387000 	C:\Program Files\Android\Android Studio\jre\bin\VCRUNTIME140.dll
0x00007ffdc9cc0000 - 0x00007ffdc9e60000 	C:\WINDOWS\System32\USER32.dll
0x00007ffdc6d20000 - 0x00007ffdc6fba000 	C:\WINDOWS\WinSxS\amd64_microsoft.windows.common-controls_6595b64144ccf1df_6.0.19041.1110_none_60b5254171f9507e\COMCTL32.dll
0x00007ffdc7ec0000 - 0x00007ffdc7ee2000 	C:\WINDOWS\System32\win32u.dll
0x00007ffdc9ae0000 - 0x00007ffdc9b0a000 	C:\WINDOWS\System32\GDI32.dll
0x00007ffdc96e0000 - 0x00007ffdc977e000 	C:\WINDOWS\System32\msvcrt.dll
0x00007ffdc7ef0000 - 0x00007ffdc7ffb000 	C:\WINDOWS\System32\gdi32full.dll
0x00007ffdc77f0000 - 0x00007ffdc788d000 	C:\WINDOWS\System32\msvcp_win.dll
0x00007ffdc81b0000 - 0x00007ffdc81e0000 	C:\WINDOWS\System32\IMM32.DLL
0x00007ffdc02d0000 - 0x00007ffdc036d000 	C:\Program Files\Android\Android Studio\jre\bin\msvcp140.dll
0x00007ffd7ec70000 - 0x00007ffd7f73f000 	C:\Program Files\Android\Android Studio\jre\bin\server\jvm.dll
0x00007ffdc9220000 - 0x00007ffdc92ce000 	C:\WINDOWS\System32\ADVAPI32.dll
0x00007ffdc97e0000 - 0x00007ffdc987c000 	C:\WINDOWS\System32\sechost.dll
0x00007ffdc8000000 - 0x00007ffdc8125000 	C:\WINDOWS\System32\RPCRT4.dll
0x00007ffdc87e0000 - 0x00007ffdc87e8000 	C:\WINDOWS\System32\PSAPI.DLL
0x00007ffdc42a0000 - 0x00007ffdc42aa000 	C:\WINDOWS\SYSTEM32\VERSION.dll
0x00007ffdc02c0000 - 0x00007ffdc02c9000 	C:\WINDOWS\SYSTEM32\WSOCK32.dll
0x00007ffdbbfa0000 - 0x00007ffdbbfc7000 	C:\WINDOWS\SYSTEM32\WINMM.dll
0x00007ffdc8800000 - 0x00007ffdc886b000 	C:\WINDOWS\System32\ws2_32.DLL
0x00007ffdc47e0000 - 0x00007ffdc47f2000 	C:\WINDOWS\SYSTEM32\kernel.appcore.dll
0x00007ffdc02a0000 - 0x00007ffdc02b1000 	C:\Program Files\Android\Android Studio\jre\bin\verify.dll
0x00007ffdc6ff0000 - 0x00007ffdc71d4000 	C:\WINDOWS\SYSTEM32\DBGHELP.DLL
0x00007ffdc6fc0000 - 0x00007ffdc6fec000 	C:\WINDOWS\SYSTEM32\dbgcore.DLL
0x00007ffdc76c0000 - 0x00007ffdc7742000 	C:\WINDOWS\System32\bcryptPrimitives.dll
0x00007ffdc0270000 - 0x00007ffdc0299000 	C:\Program Files\Android\Android Studio\jre\bin\java.dll
0x00007ffdc0260000 - 0x00007ffdc026b000 	C:\Program Files\Android\Android Studio\jre\bin\jimage.dll
0x00007ffdc0240000 - 0x00007ffdc0258000 	C:\Program Files\Android\Android Studio\jre\bin\zip.dll
0x00007ffdc8870000 - 0x00007ffdc8fb4000 	C:\WINDOWS\System32\SHELL32.dll
0x00007ffdc49e0000 - 0x00007ffdc5174000 	C:\WINDOWS\SYSTEM32\windows.storage.dll
0x00007ffdc92d0000 - 0x00007ffdc9624000 	C:\WINDOWS\System32\combase.dll
0x00007ffdc69b0000 - 0x00007ffdc69dc000 	C:\WINDOWS\SYSTEM32\Wldp.dll
0x00007ffdc9630000 - 0x00007ffdc96dd000 	C:\WINDOWS\System32\SHCORE.dll
0x00007ffdc9780000 - 0x00007ffdc97d5000 	C:\WINDOWS\System32\shlwapi.dll
0x00007ffdc7600000 - 0x00007ffdc761f000 	C:\WINDOWS\SYSTEM32\profapi.dll
0x00007ffdc0220000 - 0x00007ffdc023a000 	C:\Program Files\Android\Android Studio\jre\bin\net.dll
0x00007ffdba710000 - 0x00007ffdba81a000 	C:\WINDOWS\SYSTEM32\WINHTTP.dll
0x00007ffdc6730000 - 0x00007ffdc679a000 	C:\WINDOWS\system32\mswsock.dll
0x00007ffdc0200000 - 0x00007ffdc0214000 	C:\Program Files\Android\Android Studio\jre\bin\nio.dll
0x00007ffdc01d0000 - 0x00007ffdc01f6000 	C:\Users\Ratna\.gradle\native\fdc75f09e3144964f2cf3f50f0aa648679c211496f362492102eb8c894070792\windows-amd64\native-platform.dll
0x00007ffd89490000 - 0x00007ffd89621000 	C:\Users\Ratna\.gradle\native\12488b8bf47d2d4c9fbf2f6322a914ad602e24e48041cd04a747c6da556b65c4\windows-amd64\native-platform-file-events.dll
0x00007ffdc01c0000 - 0x00007ffdc01ca000 	C:\Program Files\Android\Android Studio\jre\bin\management.dll
0x00007ffdc01b0000 - 0x00007ffdc01bc000 	C:\Program Files\Android\Android Studio\jre\bin\management_ext.dll
0x00007ffdc7380000 - 0x00007ffdc7398000 	C:\WINDOWS\SYSTEM32\CRYPTSP.dll
0x00007ffdc60d0000 - 0x00007ffdc6104000 	C:\WINDOWS\system32\rsaenh.dll
0x00007ffdc7750000 - 0x00007ffdc7777000 	C:\WINDOWS\System32\bcrypt.dll
0x00007ffdc7580000 - 0x00007ffdc75ae000 	C:\WINDOWS\SYSTEM32\USERENV.dll
0x00007ffdc6920000 - 0x00007ffdc692c000 	C:\WINDOWS\SYSTEM32\CRYPTBASE.dll
0x00007ffdc6420000 - 0x00007ffdc645b000 	C:\WINDOWS\SYSTEM32\IPHLPAPI.DLL
0x00007ffdc87f0000 - 0x00007ffdc87f8000 	C:\WINDOWS\System32\NSI.dll
0x00007ffdbe880000 - 0x00007ffdbe897000 	C:\WINDOWS\SYSTEM32\dhcpcsvc6.DLL
0x00007ffdc0830000 - 0x00007ffdc084d000 	C:\WINDOWS\SYSTEM32\dhcpcsvc.DLL
0x00007ffdc6460000 - 0x00007ffdc652b000 	C:\WINDOWS\SYSTEM32\DNSAPI.dll
0x00007ffdc0800000 - 0x00007ffdc080b000 	C:\WINDOWS\SYSTEM32\WINNSI.DLL
0x00007ffda5a80000 - 0x00007ffda5aa7000 	C:\Program Files\Android\Android Studio\jre\bin\sunec.dll
0x00007ffdb9680000 - 0x00007ffdb968a000 	C:\Windows\System32\rasadhlp.dll
0x00007ffdba820000 - 0x00007ffdba8a0000 	C:\WINDOWS\System32\fwpuclnt.dll

dbghelp: loaded successfully - version: 4.0.5 - missing functions: none
symbol engine: initialized successfully - sym options: 0x614 - pdb path: .;C:\Program Files\Android\Android Studio\jre\bin;C:\WINDOWS\SYSTEM32;C:\WINDOWS\WinSxS\amd64_microsoft.windows.common-controls_6595b64144ccf1df_6.0.19041.1110_none_60b5254171f9507e;C:\Program Files\Android\Android Studio\jre\bin\server;C:\Users\Ratna\.gradle\native\fdc75f09e3144964f2cf3f50f0aa648679c211496f362492102eb8c894070792\windows-amd64;C:\Users\Ratna\.gradle\native\12488b8bf47d2d4c9fbf2f6322a914ad602e24e48041cd04a747c6da556b65c4\windows-amd64

VM Arguments:
jvm_args: --add-opens=java.base/java.util=ALL-UNNAMED --add-opens=java.base/java.lang=ALL-UNNAMED --add-opens=java.base/java.lang.invoke=ALL-UNNAMED --add-opens=java.prefs/java.util.prefs=ALL-UNNAMED -Xmx1536M -Dfile.encoding=windows-1252 -Duser.country=US -Duser.language=en -Duser.variant 
java_command: org.gradle.launcher.daemon.bootstrap.GradleDaemon 6.7
java_class_path (initial): C:\Users\Ratna\.gradle\wrapper\dists\gradle-6.7-all\cuy9mc7upwgwgeb72wkcrupxe\gradle-6.7\lib\gradle-launcher-6.7.jar
Launcher Type: SUN_STANDARD

[Global flags]
     intx CICompilerCount                          = 3                                         {product} {ergonomic}
     uint ConcGCThreads                            = 1                                         {product} {ergonomic}
     uint G1ConcRefinementThreads                  = 4                                         {product} {ergonomic}
   size_t G1HeapRegionSize                         = 1048576                                   {product} {ergonomic}
    uintx GCDrainStackTargetSize                   = 64                                        {product} {ergonomic}
   size_t InitialHeapSize                          = 50331648                                  {product} {ergonomic}
   size_t MarkStackSize                            = 4194304                                   {product} {ergonomic}
   size_t MaxHeapSize                              = 1610612736                                {product} {command line}
   size_t MaxNewSize                               = 965738496                                 {product} {ergonomic}
   size_t MinHeapDeltaBytes                        = 1048576                                   {product} {ergonomic}
    uintx NonNMethodCodeHeapSize                   = 5830732                                {pd product} {ergonomic}
    uintx NonProfiledCodeHeapSize                  = 122913754                              {pd product} {ergonomic}
    uintx ProfiledCodeHeapSize                     = 122913754                              {pd product} {ergonomic}
    uintx ReservedCodeCacheSize                    = 251658240                              {pd product} {ergonomic}
     bool SegmentedCodeCache                       = true                                      {product} {ergonomic}
     bool UseCompressedClassPointers               = true                                 {lp64_product} {ergonomic}
     bool UseCompressedOops                        = true                                 {lp64_product} {ergonomic}
     bool UseG1GC                                  = true                                      {product} {ergonomic}
     bool UseLargePagesIndividualAllocation        = false                                  {pd product} {ergonomic}

Logging:
Log output configuration:
 #0: stdout all=warning uptime,level,tags
 #1: stderr all=off uptime,level,tags

Environment Variables:
JAVA_HOME=C:\Program Files\Android\Android Studio\jre
CLASSPATH=C:\Users\Ratna\Documents\GitHub\sewain\sewain\android\\gradle\wrapper\gradle-wrapper.jar
PATH=C:\Python39\Scripts\;C:\Python39\;%AppData%\npm and C:\Program Files\nodejs\;C:\WINDOWS\system32;C:\WINDOWS;C:\WINDOWS\System32\Wbem;C:\WINDOWS\System32\WindowsPowerShell\v1.0\;C:\WINDOWS\System32\OpenSSH\;C:\Program Files (x86)\Windows Live\Shared;C:\laragon\bin\php\php-7.2.19-Win32-VC15-x64;C:\ProgramData\chocolatey\bin;C:\Program Files\nodejs;C:\Program Files\Java\jdk-12.0.2\bin;C:\Users\Ratna\AppData\Local\Microsoft\WindowsApps;C:\Users\Ratna\Documents\Flutter\flutter\bin;C:\Users\Ratna\AppData\Local\Programs\Microsoft VS Code\bin;C:\Program Files\nodejs;C:\mongodb\bin;C:\Users\Ratna\flutter\bin;C:\Users\Ratna\AppData\Local\GitHubDesktop\bin;C:\Users\Ratna\flutter\bin\mingit\cmd
USERNAME=Ratna
OS=Windows_NT
PROCESSOR_IDENTIFIER=Intel64 Family 6 Model 58 Stepping 9, GenuineIntel



---------------  S Y S T E M  ---------------

OS: Windows 10 , 64 bit Build 19041 (10.0.19041.1706)
OS uptime: 5 days 2:11 hours

CPU:total 4 (initial active 4) (2 cores per cpu, 2 threads per core) family 6 model 58 stepping 9 microcode 0x21, cmov, cx8, fxsr, mmx, sse, sse2, sse3, ssse3, sse4.1, sse4.2, popcnt, avx, clmul, erms, ht, tsc, tscinvbit, tscinv

Memory: 4k page, system-wide physical 2957M (82M free)
TotalPageFile size 12173M (AvailPageFile size 0M)
current process WorkingSet (physical memory assigned to process): 154M, peak: 238M
current process commit charge ("private bytes"): 734M, peak: 735M

vm_info: OpenJDK 64-Bit Server VM (11.0.10+0-b96-7249189) for windows-amd64 JRE (11.0.10+0-b96-7249189), built on Mar 31 2021 21:44:00 by "builder" with MS VC++ 14.0 (VS2015)

END.
